2026-06-30 08:27:16 [8,458ms] [Error] [rtx.neuraylib.plugin] [MDLC:COMPILER]   1.0   MDLC   comp error: file:/tmp/aan05_06_real_packages/overlay_level1_poc_dryingbox_01_runtime/deps/mdl/OmniPBR.mdl(44,8): C120 could not find module '.::OmniPBR_ClearCoat' in module path
2026-06-30 08:27:16 [8,458ms] [Error] [rtx.neuraylib.plugin] [MDLC:COMPILER]   1.0   MDLC   comp error: file:/tmp/aan05_06_real_packages/overlay_level1_poc_dryingbox_01_runtime/deps/mdl/OmniPBR.mdl(366,17): C108 'OmniPBR_ClearCoat' is not a package or module name
2026-06-30 08:27:16 [8,458ms] [Error] [omni.usd] USD_MDL: in LoadModule at line 242 of ../../source/plugins/omni.usdMdl/neuray.cpp -- 'rtx::neuraylib::MdlModuleId' for '/tmp/aan05_06_real_packages/overlay_level1_poc_dryingbox_01_runtime/deps/mdl/OmniPBR.mdl' is Invalid

2026-06-30 08:27:16 [8,458ms] [Error] [omni.usd] USD_MDL: in GetSdrFromDiscoveryResult at line 183 of ../../source/plugins/omni.usdMdl/moduleRegistry.cpp -- Module: '/tmp/aan05_06_real_packages/overlay_level1_poc_dryingbox_01_runtime/deps/mdl/OmniPBR.mdl' with version '1' not found in 'MdlModuleRegistry::ModuleDataMap'.

2026-06-30 08:27:16 [8,526ms] [Error] [rtx.neuraylib.plugin] [MDLC:COMPILER]   1.0   MDLC   comp error: file:/tmp/aan05_06_real_packages/overlay_level1_poc_dryingbox_01_runtime/deps/mdl/OmniPBR.mdl(44,8): C120 could not find module '.::OmniPBR_ClearCoat' in module path
2026-06-30 08:27:16 [8,526ms] [Error] [rtx.neuraylib.plugin] [MDLC:COMPILER]   1.0   MDLC   comp error: file:/tmp/aan05_06_real_packages/overlay_level1_poc_dryingbox_01_runtime/deps/mdl/OmniPBR.mdl(366,17): C108 'OmniPBR_ClearCoat' is not a package or module name
2026-06-30 08:27:16 [8,526ms] [Error] [omni.hydra] Failed to create MDL shade node for prim '/World/labutopia_level1_poc/obj_obj_DryingBox_01/Looks/task_button_mat/OmniPBR'. createMdlModule failed.
2026-06-30 08:27:16 [8,536ms] [Error] [rtx.neuraylib.plugin] [MDLC:COMPILER]   1.0   MDLC   comp error: file:/tmp/aan05_06_real_packages/overlay_level1_poc_dryingbox_01_runtime/deps/mdl/material_08.mdl(20,8): C120 could not find module '.::ad_3dsmax_materials' in module path
2026-06-30 08:27:16 [8,536ms] [Error] [rtx.neuraylib.plugin] [MDLC:COMPILER]   1.0   MDLC   comp error: file:/tmp/aan05_06_real_packages/overlay_level1_poc_dryingbox_01_runtime/deps/mdl/material_08.mdl(21,8): C120 could not find module '.::ad_3dsmax_maps' in module path
2026-06-30 08:27:16 [8,536ms] [Error] [rtx.neuraylib.plugin] [MDLC:COMPILER]   1.0   MDLC   comp error: file:/tmp/aan05_06_real_packages/overlay_level1_poc_dryingbox_01_runtime/deps/mdl/material_08.mdl(22,8): C120 could not find module '.::vray_materials' in module path
2026-06-30 08:27:16 [8,536ms] [Error] [rtx.neuraylib.plugin] [MDLC:COMPILER]   1.0   MDLC   comp error: file:/tmp/aan05_06_real_packages/overlay_level1_poc_dryingbox_01_runtime/deps/mdl/material_08.mdl(23,8): C120 could not find module '.::vray_maps' in module path
2026-06-30 08:27:16 [8,536ms] [Error] [rtx.neuraylib.plugin] [MDLC:COMPILER]   1.0   MDLC   comp error: file:/tmp/aan05_06_real_packages/overlay_level1_poc_dryingbox_01_runtime/deps/mdl/material_08.mdl(30,5): C108 'vray_materials' is not a package or module name
2026-06-30 08:27:16 [8,536ms] [Error] [rtx.neuraylib.plugin] [MDLC:COMPILER]   1.0   MDLC   comp error: file:/tmp/aan05_06_real_packages/overlay_level1_poc_dryingbox_01_runtime/deps/mdl/material_08.mdl(31,17): C108 'ad_3dsmax_maps' is not a package or module name
2026-06-30 08:27:16 [8,536ms] [Error] [rtx.neuraylib.plugin] [MDLC:COMPILER]   1.0   MDLC   comp error: file:/tmp/aan05_06_real_packages/overlay_level1_poc_dryingbox_01_runtime/deps/mdl/material_08.mdl(75,25): C108 'vray_materials' is not a package or module name
2026-06-30 08:27:16 [8,537ms] [Error] [rtx.neuraylib.plugin] [MDLC:COMPILER]   1.0   MDLC   comp error: file:/tmp/aan05_06_real_packages/overlay_level1_poc_dryingbox_01_runtime/deps/mdl/material_08.mdl(89,19): C108 'vray_materials' is not a package or module name
2026-06-30 08:27:16 [8,537ms] [Error] [rtx.neuraylib.plugin] [MDLC:COMPILER]   1.0   MDLC   comp error: file:/tmp/aan05_06_real_packages/overlay_level1_poc_dryingbox_01_runtime/deps/mdl/material_08.mdl(90,27): C108 'vray_materials' is not a package or module name
2026-06-30 08:27:16 [8,537ms] [Error] [omni.usd] USD_MDL: in LoadModule at line 242 of ../../source/plugins/omni.usdMdl/neuray.cpp -- 'rtx::neuraylib::MdlModuleId' for '/tmp/aan05_06_real_packages/overlay_level1_poc_dryingbox_01_runtime/deps/mdl/material_08.mdl' is Invalid

2026-06-30 08:27:16 [8,537ms] [Error] [omni.usd] USD_MDL: in GetSdrFromDiscoveryResult at line 183 of ../../source/plugins/omni.usdMdl/moduleRegistry.cpp -- Module: '/tmp/aan05_06_real_packages/overlay_level1_poc_dryingbox_01_runtime/deps/mdl/material_08.mdl' with version '1' not found in 'MdlModuleRegistry::ModuleDataMap'.

2026-06-30 08:27:16 [8,547ms] [Error] [rtx.neuraylib.plugin] [MDLC:COMPILER]   1.0   MDLC   comp error: file:/tmp/aan05_06_real_packages/overlay_level1_poc_dryingbox_01_runtime/deps/mdl/material_08.mdl(20,8): C120 could not find module '.::ad_3dsmax_materials' in module path
2026-06-30 08:27:16 [8,547ms] [Error] [rtx.neuraylib.plugin] [MDLC:COMPILER]   1.0   MDLC   comp error: file:/tmp/aan05_06_real_packages/overlay_level1_poc_dryingbox_01_runtime/deps/mdl/material_08.mdl(21,8): C120 could not find module '.::ad_3dsmax_maps' in module path
2026-06-30 08:27:16 [8,547ms] [Error] [rtx.neuraylib.plugin] [MDLC:COMPILER]   1.0   MDLC   comp error: file:/tmp/aan05_06_real_packages/overlay_level1_poc_dryingbox_01_runtime/deps/mdl/material_08.mdl(22,8): C120 could not find module '.::vray_materials' in module path
2026-06-30 08:27:16 [8,547ms] [Error] [rtx.neuraylib.plugin] [MDLC:COMPILER]   1.0   MDLC   comp error: file:/tmp/aan05_06_real_packages/overlay_level1_poc_dryingbox_01_runtime/deps/mdl/material_08.mdl(23,8): C120 could not find module '.::vray_maps' in module path
2026-06-30 08:27:16 [8,547ms] [Error] [rtx.neuraylib.plugin] [MDLC:COMPILER]   1.0   MDLC   comp error: file:/tmp/aan05_06_real_packages/overlay_level1_poc_dryingbox_01_runtime/deps/mdl/material_08.mdl(30,5): C108 'vray_materials' is not a package or module name
2026-06-30 08:27:16 [8,547ms] [Error] [rtx.neuraylib.plugin] [MDLC:COMPILER]   1.0   MDLC   comp error: file:/tmp/aan05_06_real_packages/overlay_level1_poc_dryingbox_01_runtime/deps/mdl/material_08.mdl(31,17): C108 'ad_3dsmax_maps' is not a package or module name
2026-06-30 08:27:16 [8,547ms] [Error] [rtx.neuraylib.plugin] [MDLC:COMPILER]   1.0   MDLC   comp error: file:/tmp/aan05_06_real_packages/overlay_level1_poc_dryingbox_01_runtime/deps/mdl/material_08.mdl(75,25): C108 'vray_materials' is not a package or module name
2026-06-30 08:27:16 [8,547ms] [Error] [rtx.neuraylib.plugin] [MDLC:COMPILER]   1.0   MDLC   comp error: file:/tmp/aan05_06_real_packages/overlay_level1_poc_dryingbox_01_runtime/deps/mdl/material_08.mdl(89,19): C108 'vray_materials' is not a package or module name
2026-06-30 08:27:16 [8,547ms] [Error] [rtx.neuraylib.plugin] [MDLC:COMPILER]   1.0   MDLC   comp error: file:/tmp/aan05_06_real_packages/overlay_level1_poc_dryingbox_01_runtime/deps/mdl/material_08.mdl(90,27): C108 'vray_materials' is not a package or module name
2026-06-30 08:27:16 [8,547ms] [Error] [omni.hydra] Failed to create MDL shade node for prim '/World/labutopia_level1_poc/obj_obj_DryingBox_01/Looks/mdl_0008/Shader'. createMdlModule failed.
2026-06-30 08:27:16 [8,987ms] [Error] [rtx.mdltranslator.plugin] Texture file referenced in the material parameter defaults wasn't resolved properly: 'file:/tmp/aan05_06_real_packages/overlay_level1_poc_dryingbox_01_runtime/deps/mdl/Aluminum_Anodized/Aluminum_Anodized_ORM.png'
2026-06-30 08:27:16 [8,988ms] [Error] [rtx.mdltranslator.plugin] Texture file referenced in the material parameter defaults wasn't resolved properly: 'file:/tmp/aan05_06_real_packages/overlay_level1_poc_dryingbox_01_runtime/deps/mdl/Aluminum_Anodized/Aluminum_Anodized_BaseColor.png'
2026-06-30 08:27:16 [8,988ms] [Error] [rtx.mdltranslator.plugin] Texture file referenced in the material parameter defaults wasn't resolved properly: 'file:/tmp/aan05_06_real_packages/overlay_level1_poc_dryingbox_01_runtime/deps/mdl/Aluminum_Anodized/Aluminum_Anodized_Normal.png'
2026-06-30 08:27:16 [8,990ms] [Error] [rtx.mdltranslator.plugin] Texture file referenced in the material parameter defaults wasn't resolved properly: 'file:/tmp/aan05_06_real_packages/overlay_level1_poc_dryingbox_01_runtime/deps/mdl/Aluminum_Anodized/Aluminum_Anodized_ORM.png'
2026-06-30 08:27:16 [8,990ms] [Error] [rtx.mdltranslator.plugin] Texture file referenced in the material parameter defaults wasn't resolved properly: 'file:/tmp/aan05_06_real_packages/overlay_level1_poc_dryingbox_01_runtime/deps/mdl/Aluminum_Anodized/Aluminum_Anodized_BaseColor.png'
2026-06-30 08:27:16 [8,990ms] [Error] [rtx.mdltranslator.plugin] Texture file referenced in the material parameter defaults wasn't resolved properly: 'file:/tmp/aan05_06_real_packages/overlay_level1_poc_dryingbox_01_runtime/deps/mdl/Aluminum_Anodized/Aluminum_Anodized_Normal.png'
2026-06-30 08:27:17 [9,369ms] [Error] [rtx.mdltranslator.plugin] Texture file referenced in the material parameter defaults wasn't resolved properly: 'file:/tmp/aan05_06_real_packages/overlay_level1_poc_dryingbox_01_runtime/deps/mdl/Aluminum_Anodized/Aluminum_Anodized_ORM.png'
2026-06-30 08:27:17 [9,370ms] [Error] [rtx.mdltranslator.plugin] Texture file referenced in the material parameter defaults wasn't resolved properly: 'file:/tmp/aan05_06_real_packages/overlay_level1_poc_dryingbox_01_runtime/deps/mdl/Aluminum_Anodized/Aluminum_Anodized_BaseColor.png'
2026-06-30 08:27:17 [9,370ms] [Error] [rtx.mdltranslator.plugin] Texture file referenced in the material parameter defaults wasn't resolved properly: 'file:/tmp/aan05_06_real_packages/overlay_level1_poc_dryingbox_01_runtime/deps/mdl/Aluminum_Anodized/Aluminum_Anodized_Normal.png'
2026-06-30 08:27:17 [9,371ms] [Error] [rtx.mdltranslator.plugin] Texture file referenced in the material parameter defaults wasn't resolved properly: 'file:/tmp/aan05_06_real_packages/overlay_level1_poc_dryingbox_01_runtime/deps/mdl/Aluminum_Anodized/Aluminum_Anodized_ORM.png'
2026-06-30 08:27:17 [9,371ms] [Error] [rtx.mdltranslator.plugin] Texture file referenced in the material parameter defaults wasn't resolved properly: 'file:/tmp/aan05_06_real_packages/overlay_level1_poc_dryingbox_01_runtime/deps/mdl/Aluminum_Anodized/Aluminum_Anodized_BaseColor.png'
2026-06-30 08:27:17 [9,372ms] [Error] [rtx.mdltranslator.plugin] Texture file referenced in the material parameter defaults wasn't resolved properly: 'file:/tmp/aan05_06_real_packages/overlay_level1_poc_dryingbox_01_runtime/deps/mdl/Aluminum_Anodized/Aluminum_Anodized_Normal.png'
2026-06-30 08:27:17 [9,391ms] [Error] [rtx.neuraylib.plugin] [MDLC:COMPILER]   1.0   MDLC   comp error: file:/tmp/aan05_06_real_packages/overlay_level1_poc_dryingbox_01_runtime/deps/mdl/OmniPBR.mdl(44,8): C120 could not find module '.::OmniPBR_ClearCoat' in module path
2026-06-30 08:27:17 [9,391ms] [Error] [rtx.neuraylib.plugin] [MDLC:COMPILER]   1.0   MDLC   comp error: file:/tmp/aan05_06_real_packages/overlay_level1_poc_dryingbox_01_runtime/deps/mdl/OmniPBR.mdl(366,17): C108 'OmniPBR_ClearCoat' is not a package or module name
2026-06-30 08:27:17 [9,391ms] [Error] [omni.hydra] Failed to create MDL shade node for prim '/World/labutopia_level1_poc/obj_obj_DryingBox_01/Looks/task_indicator_mat/OmniPBR'. createMdlModule failed.
2026-06-30 08:27:17 [9,398ms] [Error] [rtx.neuraylib.plugin] [MDLC:COMPILER]   1.0   MDLC   comp error: file:/tmp/aan05_06_real_packages/overlay_level1_poc_dryingbox_01_runtime/deps/mdl/material_09.mdl(20,8): C120 could not find module '.::ad_3dsmax_materials' in module path
2026-06-30 08:27:17 [9,398ms] [Error] [rtx.neuraylib.plugin] [MDLC:COMPILER]   1.0   MDLC   comp error: file:/tmp/aan05_06_real_packages/overlay_level1_poc_dryingbox_01_runtime/deps/mdl/material_09.mdl(21,8): C120 could not find module '.::ad_3dsmax_maps' in module path
2026-06-30 08:27:17 [9,398ms] [Error] [rtx.neuraylib.plugin] [MDLC:COMPILER]   1.0   MDLC   comp error: file:/tmp/aan05_06_real_packages/overlay_level1_poc_dryingbox_01_runtime/deps/mdl/material_09.mdl(22,8): C120 could not find module '.::vray_materials' in module path
2026-06-30 08:27:17 [9,398ms] [Error] [rtx.neuraylib.plugin] [MDLC:COMPILER]   1.0   MDLC   comp error: file:/tmp/aan05_06_real_packages/overlay_level1_poc_dryingbox_01_runtime/deps/mdl/material_09.mdl(23,8): C120 could not find module '.::vray_maps' in module path
2026-06-30 08:27:17 [9,398ms] [Error] [rtx.neuraylib.plugin] [MDLC:COMPILER]   1.0   MDLC   comp error: file:/tmp/aan05_06_real_packages/overlay_level1_poc_dryingbox_01_runtime/deps/mdl/material_09.mdl(30,5): C108 'vray_materials' is not a package or module name
2026-06-30 08:27:17 [9,398ms] [Error] [rtx.neuraylib.plugin] [MDLC:COMPILER]   1.0   MDLC   comp error: file:/tmp/aan05_06_real_packages/overlay_level1_poc_dryingbox_01_runtime/deps/mdl/material_09.mdl(31,17): C108 'ad_3dsmax_maps' is not a package or module name
2026-06-30 08:27:17 [9,398ms] [Error] [rtx.neuraylib.plugin] [MDLC:COMPILER]   1.0   MDLC   comp error: file:/tmp/aan05_06_real_packages/overlay_level1_poc_dryingbox_01_runtime/deps/mdl/material_09.mdl(34,26): C108 'ad_3dsmax_maps' is not a package or module name
2026-06-30 08:27:17 [9,398ms] [Error] [rtx.neuraylib.plugin] [MDLC:COMPILER]   1.0   MDLC   comp error: file:/tmp/aan05_06_real_packages/overlay_level1_poc_dryingbox_01_runtime/deps/mdl/material_09.mdl(35,31): C108 'ad_3dsmax_maps' is not a package or module name
2026-06-30 08:27:17 [9,398ms] [Error] [rtx.neuraylib.plugin] [MDLC:COMPILER]   1.0   MDLC   comp error: file:/tmp/aan05_06_real_packages/overlay_level1_poc_dryingbox_01_runtime/deps/mdl/material_09.mdl(40,20): C108 'ad_3dsmax_maps' is not a package or module name
2026-06-30 08:27:17 [9,398ms] [Error] [rtx.neuraylib.plugin] [MDLC:COMPILER]   1.0   MDLC   comp error: file:/tmp/aan05_06_real_packages/overlay_level1_poc_dryingbox_01_runtime/deps/mdl/material_09.mdl(43,26): C108 'ad_3dsmax_maps' is not a package or module name
2026-06-30 08:27:17 [9,398ms] [Error] [rtx.neuraylib.plugin] [MDLC:COMPILER]   1.0   MDLC   comp error: file:/tmp/aan05_06_real_packages/overlay_level1_poc_dryingbox_01_runtime/deps/mdl/material_09.mdl(44,31): C108 'ad_3dsmax_maps' is not a package or module name
2026-06-30 08:27:17 [9,398ms] [Error] [rtx.neuraylib.plugin] [MDLC:COMPILER]   1.0   MDLC   comp error: file:/tmp/aan05_06_real_packages/overlay_level1_poc_dryingbox_01_runtime/deps/mdl/material_09.mdl(48,31): C108 'ad_3dsmax_maps' is not a package or module name
2026-06-30 08:27:17 [9,398ms] [Error] [rtx.neuraylib.plugin] [MDLC:COMPILER]   1.0   MDLC   comp error: file:/tmp/aan05_06_real_packages/overlay_level1_poc_dryingbox_01_runtime/deps/mdl/material_09.mdl(49,20): C108 'ad_3dsmax_maps' is not a package or module name
2026-06-30 08:27:17 [9,398ms] [Error] [rtx.neuraylib.plugin] [MDLC:COMPILER]   1.0   MDLC   comp error: file:/tmp/aan05_06_real_packages/overlay_level1_poc_dryingbox_01_runtime/deps/mdl/material_09.mdl(76,20): C108 'ad_3dsmax_maps' is not a package or module name
2026-06-30 08:27:17 [9,398ms] [Error] [rtx.neuraylib.plugin] [MDLC:COMPILER]   1.0   MDLC   comp error: file:/tmp/aan05_06_real_packages/overlay_level1_poc_dryingbox_01_runtime/deps/mdl/material_09.mdl(122,25): C108 'vray_materials' is not a package or module name
2026-06-30 08:27:17 [9,398ms] [Error] [rtx.neuraylib.plugin] [MDLC:COMPILER]   1.0   MDLC   comp error: file:/tmp/aan05_06_real_packages/overlay_level1_poc_dryingbox_01_runtime/deps/mdl/material_09.mdl(136,19): C108 'vray_materials' is not a package or module name
2026-06-30 08:27:17 [9,398ms] [Error] [rtx.neuraylib.plugin] [MDLC:COMPILER]   1.0   MDLC   comp error: file:/tmp/aan05_06_real_packages/overlay_level1_poc_dryingbox_01_runtime/deps/mdl/material_09.mdl(137,27): C108 'vray_materials' is not a package or module name
2026-06-30 08:27:17 [9,398ms] [Error] [rtx.neuraylib.plugin] [MDLC:COMPILER]   1.0   MDLC   comp error: file:/tmp/aan05_06_real_packages/overlay_level1_poc_dryingbox_01_runtime/deps/mdl/material_09.mdl(141,21): C108 'ad_3dsmax_maps' is not a package or module name
2026-06-30 08:27:17 [9,398ms] [Error] [omni.usd] USD_MDL: in LoadModule at line 242 of ../../source/plugins/omni.usdMdl/neuray.cpp -- 'rtx::neuraylib::MdlModuleId' for '/tmp/aan05_06_real_packages/overlay_level1_poc_dryingbox_01_runtime/deps/mdl/material_09.mdl' is Invalid

2026-06-30 08:27:17 [9,398ms] [Error] [omni.usd] USD_MDL: in GetSdrFromDiscoveryResult at line 183 of ../../source/plugins/omni.usdMdl/moduleRegistry.cpp -- Module: '/tmp/aan05_06_real_packages/overlay_level1_poc_dryingbox_01_runtime/deps/mdl/material_09.mdl' with version '1' not found in 'MdlModuleRegistry::ModuleDataMap'.

2026-06-30 08:27:17 [9,404ms] [Error] [rtx.neuraylib.plugin] [MDLC:COMPILER]   1.0   MDLC   comp error: file:/tmp/aan05_06_real_packages/overlay_level1_poc_dryingbox_01_runtime/deps/mdl/material_09.mdl(20,8): C120 could not find module '.::ad_3dsmax_materials' in module path
2026-06-30 08:27:17 [9,404ms] [Error] [rtx.neuraylib.plugin] [MDLC:COMPILER]   1.0   MDLC   comp error: file:/tmp/aan05_06_real_packages/overlay_level1_poc_dryingbox_01_runtime/deps/mdl/material_09.mdl(21,8): C120 could not find module '.::ad_3dsmax_maps' in module path
2026-06-30 08:27:17 [9,404ms] [Error] [rtx.neuraylib.plugin] [MDLC:COMPILER]   1.0   MDLC   comp error: file:/tmp/aan05_06_real_packages/overlay_level1_poc_dryingbox_01_runtime/deps/mdl/material_09.mdl(22,8): C120 could not find module '.::vray_materials' in module path
2026-06-30 08:27:17 [9,404ms] [Error] [rtx.neuraylib.plugin] [MDLC:COMPILER]   1.0   MDLC   comp error: file:/tmp/aan05_06_real_packages/overlay_level1_poc_dryingbox_01_runtime/deps/mdl/material_09.mdl(23,8): C120 could not find module '.::vray_maps' in module path
2026-06-30 08:27:17 [9,404ms] [Error] [rtx.neuraylib.plugin] [MDLC:COMPILER]   1.0   MDLC   comp error: file:/tmp/aan05_06_real_packages/overlay_level1_poc_dryingbox_01_runtime/deps/mdl/material_09.mdl(30,5): C108 'vray_materials' is not a package or module name
2026-06-30 08:27:17 [9,404ms] [Error] [rtx.neuraylib.plugin] [MDLC:COMPILER]   1.0   MDLC   comp error: file:/tmp/aan05_06_real_packages/overlay_level1_poc_dryingbox_01_runtime/deps/mdl/material_09.mdl(31,17): C108 'ad_3dsmax_maps' is not a package or module name
2026-06-30 08:27:17 [9,404ms] [Error] [rtx.neuraylib.plugin] [MDLC:COMPILER]   1.0   MDLC   comp error: file:/tmp/aan05_06_real_packages/overlay_level1_poc_dryingbox_01_runtime/deps/mdl/material_09.mdl(34,26): C108 'ad_3dsmax_maps' is not a package or module name
2026-06-30 08:27:17 [9,404ms] [Error] [rtx.neuraylib.plugin] [MDLC:COMPILER]   1.0   MDLC   comp error: file:/tmp/aan05_06_real_packages/overlay_level1_poc_dryingbox_01_runtime/deps/mdl/material_09.mdl(35,31): C108 'ad_3dsmax_maps' is not a package or module name
2026-06-30 08:27:17 [9,404ms] [Error] [rtx.neuraylib.plugin] [MDLC:COMPILER]   1.0   MDLC   comp error: file:/tmp/aan05_06_real_packages/overlay_level1_poc_dryingbox_01_runtime/deps/mdl/material_09.mdl(40,20): C108 'ad_3dsmax_maps' is not a package or module name
2026-06-30 08:27:17 [9,404ms] [Error] [rtx.neuraylib.plugin] [MDLC:COMPILER]   1.0   MDLC   comp error: file:/tmp/aan05_06_real_packages/overlay_level1_poc_dryingbox_01_runtime/deps/mdl/material_09.mdl(43,26): C108 'ad_3dsmax_maps' is not a package or module name
2026-06-30 08:27:17 [9,404ms] [Error] [rtx.neuraylib.plugin] [MDLC:COMPILER]   1.0   MDLC   comp error: file:/tmp/aan05_06_real_packages/overlay_level1_poc_dryingbox_01_runtime/deps/mdl/material_09.mdl(44,31): C108 'ad_3dsmax_maps' is not a package or module name
2026-06-30 08:27:17 [9,404ms] [Error] [rtx.neuraylib.plugin] [MDLC:COMPILER]   1.0   MDLC   comp error: file:/tmp/aan05_06_real_packages/overlay_level1_poc_dryingbox_01_runtime/deps/mdl/material_09.mdl(48,31): C108 'ad_3dsmax_maps' is not a package or module name
2026-06-30 08:27:17 [9,404ms] [Error] [rtx.neuraylib.plugin] [MDLC:COMPILER]   1.0   MDLC   comp error: file:/tmp/aan05_06_real_packages/overlay_level1_poc_dryingbox_01_runtime/deps/mdl/material_09.mdl(49,20): C108 'ad_3dsmax_maps' is not a package or module name
2026-06-30 08:27:17 [9,404ms] [Error] [rtx.neuraylib.plugin] [MDLC:COMPILER]   1.0   MDLC   comp error: file:/tmp/aan05_06_real_packages/overlay_level1_poc_dryingbox_01_runtime/deps/mdl/material_09.mdl(76,20): C108 'ad_3dsmax_maps' is not a package or module name
2026-06-30 08:27:17 [9,404ms] [Error] [rtx.neuraylib.plugin] [MDLC:COMPILER]   1.0   MDLC   comp error: file:/tmp/aan05_06_real_packages/overlay_level1_poc_dryingbox_01_runtime/deps/mdl/material_09.mdl(122,25): C108 'vray_materials' is not a package or module name
2026-06-30 08:27:17 [9,404ms] [Error] [rtx.neuraylib.plugin] [MDLC:COMPILER]   1.0   MDLC   comp error: file:/tmp/aan05_06_real_packages/overlay_level1_poc_dryingbox_01_runtime/deps/mdl/material_09.mdl(136,19): C108 'vray_materials' is not a package or module name
2026-06-30 08:27:17 [9,404ms] [Error] [rtx.neuraylib.plugin] [MDLC:COMPILER]   1.0   MDLC   comp error: file:/tmp/aan05_06_real_packages/overlay_level1_poc_dryingbox_01_runtime/deps/mdl/material_09.mdl(137,27): C108 'vray_materials' is not a package or module name
2026-06-30 08:27:17 [9,404ms] [Error] [rtx.neuraylib.plugin] [MDLC:COMPILER]   1.0   MDLC   comp error: file:/tmp/aan05_06_real_packages/overlay_level1_poc_dryingbox_01_runtime/deps/mdl/material_09.mdl(141,21): C108 'ad_3dsmax_maps' is not a package or module name
2026-06-30 08:27:17 [9,404ms] [Error] [omni.hydra] Failed to create MDL shade node for prim '/World/labutopia_level1_poc/obj_obj_DryingBox_01/Looks/mdl_0009/Shader'. createMdlModule failed.
2026-06-30 08:27:17 [9,410ms] [Error] [rtx.neuraylib.plugin] [MDLC:COMPILER]   1.0   MDLC   comp error: file:/tmp/aan05_06_real_packages/overlay_level1_poc_dryingbox_01_runtime/deps/mdl/material_11.mdl(20,8): C120 could not find module '.::ad_3dsmax_materials' in module path
2026-06-30 08:27:17 [9,410ms] [Error] [rtx.neuraylib.plugin] [MDLC:COMPILER]   1.0   MDLC   comp error: file:/tmp/aan05_06_real_packages/overlay_level1_poc_dryingbox_01_runtime/deps/mdl/material_11.mdl(21,8): C120 could not find module '.::ad_3dsmax_maps' in module path
2026-06-30 08:27:17 [9,410ms] [Error] [rtx.neuraylib.plugin] [MDLC:COMPILER]   1.0   MDLC   comp error: file:/tmp/aan05_06_real_packages/overlay_level1_poc_dryingbox_01_runtime/deps/mdl/material_11.mdl(22,8): C120 could not find module '.::vray_materials' in module path
2026-06-30 08:27:17 [9,410ms] [Error] [rtx.neuraylib.plugin] [MDLC:COMPILER]   1.0   MDLC   comp error: file:/tmp/aan05_06_real_packages/overlay_level1_poc_dryingbox_01_runtime/deps/mdl/material_11.mdl(23,8): C120 could not find module '.::vray_maps' in module path
2026-06-30 08:27:17 [9,410ms] [Error] [rtx.neuraylib.plugin] [MDLC:COMPILER]   1.0   MDLC   comp error: file:/tmp/aan05_06_real_packages/overlay_level1_poc_dryingbox_01_runtime/deps/mdl/material_11.mdl(30,5): C108 'vray_materials' is not a package or module name
2026-06-30 08:27:17 [9,410ms] [Error] [rtx.neuraylib.plugin] [MDLC:COMPILER]   1.0   MDLC   comp error: file:/tmp/aan05_06_real_packages/overlay_level1_poc_dryingbox_01_runtime/deps/mdl/material_11.mdl(49,25): C108 'vray_materials' is not a package or module name
2026-06-30 08:27:17 [9,410ms] [Error] [rtx.neuraylib.plugin] [MDLC:COMPILER]   1.0   MDLC   comp error: file:/tmp/aan05_06_real_packages/overlay_level1_poc_dryingbox_01_runtime/deps/mdl/material_11.mdl(63,19): C108 'vray_materials' is not a package or module name
2026-06-30 08:27:17 [9,410ms] [Error] [rtx.neuraylib.plugin] [MDLC:COMPILER]   1.0   MDLC   comp error: file:/tmp/aan05_06_real_packages/overlay_level1_poc_dryingbox_01_runtime/deps/mdl/material_11.mdl(64,27): C108 'vray_materials' is not a package or module name
2026-06-30 08:27:17 [9,410ms] [Error] [rtx.neuraylib.plugin] [MDLC:COMPILER]   1.0   MDLC   comp error: file:/tmp/aan05_06_real_packages/overlay_level1_poc_dryingbox_01_runtime/deps/mdl/material_11.mdl(68,21): C108 'ad_3dsmax_maps' is not a package or module name
2026-06-30 08:27:17 [9,410ms] [Error] [omni.usd] USD_MDL: in LoadModule at line 242 of ../../source/plugins/omni.usdMdl/neuray.cpp -- 'rtx::neuraylib::MdlModuleId' for '/tmp/aan05_06_real_packages/overlay_level1_poc_dryingbox_01_runtime/deps/mdl/material_11.mdl' is Invalid

2026-06-30 08:27:17 [9,410ms] [Error] [omni.usd] USD_MDL: in GetSdrFromDiscoveryResult at line 183 of ../../source/plugins/omni.usdMdl/moduleRegistry.cpp -- Module: '/tmp/aan05_06_real_packages/overlay_level1_poc_dryingbox_01_runtime/deps/mdl/material_11.mdl' with version '1' not found in 'MdlModuleRegistry::ModuleDataMap'.

2026-06-30 08:27:17 [9,415ms] [Error] [rtx.neuraylib.plugin] [MDLC:COMPILER]   1.0   MDLC   comp error: file:/tmp/aan05_06_real_packages/overlay_level1_poc_dryingbox_01_runtime/deps/mdl/material_11.mdl(20,8): C120 could not find module '.::ad_3dsmax_materials' in module path
2026-06-30 08:27:17 [9,415ms] [Error] [rtx.neuraylib.plugin] [MDLC:COMPILER]   1.0   MDLC   comp error: file:/tmp/aan05_06_real_packages/overlay_level1_poc_dryingbox_01_runtime/deps/mdl/material_11.mdl(21,8): C120 could not find module '.::ad_3dsmax_maps' in module path
2026-06-30 08:27:17 [9,415ms] [Error] [rtx.neuraylib.plugin] [MDLC:COMPILER]   1.0   MDLC   comp error: file:/tmp/aan05_06_real_packages/overlay_level1_poc_dryingbox_01_runtime/deps/mdl/material_11.mdl(22,8): C120 could not find module '.::vray_materials' in module path
2026-06-30 08:27:17 [9,416ms] [Error] [rtx.neuraylib.plugin] [MDLC:COMPILER]   1.0   MDLC   comp error: file:/tmp/aan05_06_real_packages/overlay_level1_poc_dryingbox_01_runtime/deps/mdl/material_11.mdl(23,8): C120 could not find module '.::vray_maps' in module path
2026-06-30 08:27:17 [9,416ms] [Error] [rtx.neuraylib.plugin] [MDLC:COMPILER]   1.0   MDLC   comp error: file:/tmp/aan05_06_real_packages/overlay_level1_poc_dryingbox_01_runtime/deps/mdl/material_11.mdl(30,5): C108 'vray_materials' is not a package or module name
2026-06-30 08:27:17 [9,416ms] [Error] [rtx.neuraylib.plugin] [MDLC:COMPILER]   1.0   MDLC   comp error: file:/tmp/aan05_06_real_packages/overlay_level1_poc_dryingbox_01_runtime/deps/mdl/material_11.mdl(49,25): C108 'vray_materials' is not a package or module name
2026-06-30 08:27:17 [9,416ms] [Error] [rtx.neuraylib.plugin] [MDLC:COMPILER]   1.0   MDLC   comp error: file:/tmp/aan05_06_real_packages/overlay_level1_poc_dryingbox_01_runtime/deps/mdl/material_11.mdl(63,19): C108 'vray_materials' is not a package or module name
2026-06-30 08:27:17 [9,416ms] [Error] [rtx.neuraylib.plugin] [MDLC:COMPILER]   1.0   MDLC   comp error: file:/tmp/aan05_06_real_packages/overlay_level1_poc_dryingbox_01_runtime/deps/mdl/material_11.mdl(64,27): C108 'vray_materials' is not a package or module name
2026-06-30 08:27:17 [9,416ms] [Error] [rtx.neuraylib.plugin] [MDLC:COMPILER]   1.0   MDLC   comp error: file:/tmp/aan05_06_real_packages/overlay_level1_poc_dryingbox_01_runtime/deps/mdl/material_11.mdl(68,21): C108 'ad_3dsmax_maps' is not a package or module name
2026-06-30 08:27:17 [9,416ms] [Error] [omni.hydra] Failed to create MDL shade node for prim '/World/labutopia_level1_poc/obj_obj_DryingBox_01/Looks/mdl_0007/Shader'. createMdlModule failed.
2026-06-30 08:27:17 [9,537ms] [Error] [rtx.neuraylib.plugin] [MDLC:COMPILER]   1.0   MDLC   comp error: file:/tmp/aan05_06_real_packages/overlay_level1_poc_dryingbox_01_runtime/deps/mdl/material_08.mdl(20,8): C120 could not find module '.::ad_3dsmax_materials' in module path
2026-06-30 08:27:17 [9,537ms] [Error] [rtx.neuraylib.plugin] [MDLC:COMPILER]   1.0   MDLC   comp error: file:/tmp/aan05_06_real_packages/overlay_level1_poc_dryingbox_01_runtime/deps/mdl/material_08.mdl(21,8): C120 could not find module '.::ad_3dsmax_maps' in module path
2026-06-30 08:27:17 [9,537ms] [Error] [rtx.neuraylib.plugin] [MDLC:COMPILER]   1.0   MDLC   comp error: file:/tmp/aan05_06_real_packages/overlay_level1_poc_dryingbox_01_runtime/deps/mdl/material_08.mdl(22,8): C120 could not find module '.::vray_materials' in module path
2026-06-30 08:27:17 [9,537ms] [Error] [rtx.neuraylib.plugin] [MDLC:COMPILER]   1.0   MDLC   comp error: file:/tmp/aan05_06_real_packages/overlay_level1_poc_dryingbox_01_runtime/deps/mdl/material_08.mdl(23,8): C120 could not find module '.::vray_maps' in module path
2026-06-30 08:27:17 [9,537ms] [Error] [rtx.neuraylib.plugin] [MDLC:COMPILER]   1.0   MDLC   comp error: file:/tmp/aan05_06_real_packages/overlay_level1_poc_dryingbox_01_runtime/deps/mdl/material_08.mdl(30,5): C108 'vray_materials' is not a package or module name
2026-06-30 08:27:17 [9,537ms] [Error] [rtx.neuraylib.plugin] [MDLC:COMPILER]   1.0   MDLC   comp error: file:/tmp/aan05_06_real_packages/overlay_level1_poc_dryingbox_01_runtime/deps/mdl/material_08.mdl(31,17): C108 'ad_3dsmax_maps' is not a package or module name
2026-06-30 08:27:17 [9,537ms] [Error] [rtx.neuraylib.plugin] [MDLC:COMPILER]   1.0   MDLC   comp error: file:/tmp/aan05_06_real_packages/overlay_level1_poc_dryingbox_01_runtime/deps/mdl/material_08.mdl(75,25): C108 'vray_materials' is not a package or module name
2026-06-30 08:27:17 [9,537ms] [Error] [rtx.neuraylib.plugin] [MDLC:COMPILER]   1.0   MDLC   comp error: file:/tmp/aan05_06_real_packages/overlay_level1_poc_dryingbox_01_runtime/deps/mdl/material_08.mdl(89,19): C108 'vray_materials' is not a package or module name
2026-06-30 08:27:17 [9,537ms] [Error] [rtx.neuraylib.plugin] [MDLC:COMPILER]   1.0   MDLC   comp error: file:/tmp/aan05_06_real_packages/overlay_level1_poc_dryingbox_01_runtime/deps/mdl/material_08.mdl(90,27): C108 'vray_materials' is not a package or module name
2026-06-30 08:27:17 [9,537ms] [Error] [omni.hydra] Failed to create MDL shade node for prim '/World/labutopia_level1_poc/obj_obj_DryingBox_01/Looks/mdl_0008/Shader'. createMdlModule failed.
2026-06-30 08:27:17 [9,542ms] [Error] [rtx.neuraylib.plugin] [MDLC:COMPILER]   1.0   MDLC   comp error: file:/tmp/aan05_06_real_packages/overlay_level1_poc_dryingbox_01_runtime/deps/mdl/OmniPBR.mdl(44,8): C120 could not find module '.::OmniPBR_ClearCoat' in module path
2026-06-30 08:27:17 [9,542ms] [Error] [rtx.neuraylib.plugin] [MDLC:COMPILER]   1.0   MDLC   comp error: file:/tmp/aan05_06_real_packages/overlay_level1_poc_dryingbox_01_runtime/deps/mdl/OmniPBR.mdl(366,17): C108 'OmniPBR_ClearCoat' is not a package or module name
2026-06-30 08:27:17 [9,542ms] [Error] [omni.hydra] Failed to create MDL shade node for prim '/World/labutopia_level1_poc/obj_obj_DryingBox_01/Looks/task_button_mat/OmniPBR'. createMdlModule failed.
2026-06-30 08:27:17 [9,547ms] [Error] [rtx.neuraylib.plugin] [MDLC:COMPILER]   1.0   MDLC   comp error: file:/tmp/aan05_06_real_packages/overlay_level1_poc_dryingbox_01_runtime/deps/mdl/material_09.mdl(20,8): C120 could not find module '.::ad_3dsmax_materials' in module path
2026-06-30 08:27:17 [9,547ms] [Error] [rtx.neuraylib.plugin] [MDLC:COMPILER]   1.0   MDLC   comp error: file:/tmp/aan05_06_real_packages/overlay_level1_poc_dryingbox_01_runtime/deps/mdl/material_09.mdl(21,8): C120 could not find module '.::ad_3dsmax_maps' in module path
2026-06-30 08:27:17 [9,547ms] [Error] [rtx.neuraylib.plugin] [MDLC:COMPILER]   1.0   MDLC   comp error: file:/tmp/aan05_06_real_packages/overlay_level1_poc_dryingbox_01_runtime/deps/mdl/material_09.mdl(22,8): C120 could not find module '.::vray_materials' in module path
2026-06-30 08:27:17 [9,547ms] [Error] [rtx.neuraylib.plugin] [MDLC:COMPILER]   1.0   MDLC   comp error: file:/tmp/aan05_06_real_packages/overlay_level1_poc_dryingbox_01_runtime/deps/mdl/material_09.mdl(23,8): C120 could not find module '.::vray_maps' in module path
2026-06-30 08:27:17 [9,547ms] [Error] [rtx.neuraylib.plugin] [MDLC:COMPILER]   1.0   MDLC   comp error: file:/tmp/aan05_06_real_packages/overlay_level1_poc_dryingbox_01_runtime/deps/mdl/material_09.mdl(30,5): C108 'vray_materials' is not a package or module name
2026-06-30 08:27:17 [9,547ms] [Error] [rtx.neuraylib.plugin] [MDLC:COMPILER]   1.0   MDLC   comp error: file:/tmp/aan05_06_real_packages/overlay_level1_poc_dryingbox_01_runtime/deps/mdl/material_09.mdl(31,17): C108 'ad_3dsmax_maps' is not a package or module name
2026-06-30 08:27:17 [9,547ms] [Error] [rtx.neuraylib.plugin] [MDLC:COMPILER]   1.0   MDLC   comp error: file:/tmp/aan05_06_real_packages/overlay_level1_poc_dryingbox_01_runtime/deps/mdl/material_09.mdl(34,26): C108 'ad_3dsmax_maps' is not a package or module name
2026-06-30 08:27:17 [9,547ms] [Error] [rtx.neuraylib.plugin] [MDLC:COMPILER]   1.0   MDLC   comp error: file:/tmp/aan05_06_real_packages/overlay_level1_poc_dryingbox_01_runtime/deps/mdl/material_09.mdl(35,31): C108 'ad_3dsmax_maps' is not a package or module name
2026-06-30 08:27:17 [9,547ms] [Error] [rtx.neuraylib.plugin] [MDLC:COMPILER]   1.0   MDLC   comp error: file:/tmp/aan05_06_real_packages/overlay_level1_poc_dryingbox_01_runtime/deps/mdl/material_09.mdl(40,20): C108 'ad_3dsmax_maps' is not a package or module name
2026-06-30 08:27:17 [9,547ms] [Error] [rtx.neuraylib.plugin] [MDLC:COMPILER]   1.0   MDLC   comp error: file:/tmp/aan05_06_real_packages/overlay_level1_poc_dryingbox_01_runtime/deps/mdl/material_09.mdl(43,26): C108 'ad_3dsmax_maps' is not a package or module name
2026-06-30 08:27:17 [9,547ms] [Error] [rtx.neuraylib.plugin] [MDLC:COMPILER]   1.0   MDLC   comp error: file:/tmp/aan05_06_real_packages/overlay_level1_poc_dryingbox_01_runtime/deps/mdl/material_09.mdl(44,31): C108 'ad_3dsmax_maps' is not a package or module name
2026-06-30 08:27:17 [9,547ms] [Error] [rtx.neuraylib.plugin] [MDLC:COMPILER]   1.0   MDLC   comp error: file:/tmp/aan05_06_real_packages/overlay_level1_poc_dryingbox_01_runtime/deps/mdl/material_09.mdl(48,31): C108 'ad_3dsmax_maps' is not a package or module name
2026-06-30 08:27:17 [9,547ms] [Error] [rtx.neuraylib.plugin] [MDLC:COMPILER]   1.0   MDLC   comp error: file:/tmp/aan05_06_real_packages/overlay_level1_poc_dryingbox_01_runtime/deps/mdl/material_09.mdl(49,20): C108 'ad_3dsmax_maps' is not a package or module name
2026-06-30 08:27:17 [9,547ms] [Error] [rtx.neuraylib.plugin] [MDLC:COMPILER]   1.0   MDLC   comp error: file:/tmp/aan05_06_real_packages/overlay_level1_poc_dryingbox_01_runtime/deps/mdl/material_09.mdl(76,20): C108 'ad_3dsmax_maps' is not a package or module name
2026-06-30 08:27:17 [9,547ms] [Error] [rtx.neuraylib.plugin] [MDLC:COMPILER]   1.0   MDLC   comp error: file:/tmp/aan05_06_real_packages/overlay_level1_poc_dryingbox_01_runtime/deps/mdl/material_09.mdl(122,25): C108 'vray_materials' is not a package or module name
2026-06-30 08:27:17 [9,547ms] [Error] [rtx.neuraylib.plugin] [MDLC:COMPILER]   1.0   MDLC   comp error: file:/tmp/aan05_06_real_packages/overlay_level1_poc_dryingbox_01_runtime/deps/mdl/material_09.mdl(136,19): C108 'vray_materials' is not a package or module name
2026-06-30 08:27:17 [9,547ms] [Error] [rtx.neuraylib.plugin] [MDLC:COMPILER]   1.0   MDLC   comp error: file:/tmp/aan05_06_real_packages/overlay_level1_poc_dryingbox_01_runtime/deps/mdl/material_09.mdl(137,27): C108 'vray_materials' is not a package or module name
2026-06-30 08:27:17 [9,547ms] [Error] [rtx.neuraylib.plugin] [MDLC:COMPILER]   1.0   MDLC   comp error: file:/tmp/aan05_06_real_packages/overlay_level1_poc_dryingbox_01_runtime/deps/mdl/material_09.mdl(141,21): C108 'ad_3dsmax_maps' is not a package or module name
2026-06-30 08:27:17 [9,547ms] [Error] [omni.hydra] Failed to create MDL shade node for prim '/World/labutopia_level1_poc/obj_obj_DryingBox_01/Looks/mdl_0009/Shader'. createMdlModule failed.
2026-06-30 08:27:17 [9,549ms] [Error] [rtx.mdltranslator.plugin] Texture file referenced in the material parameter defaults wasn't resolved properly: 'file:/tmp/aan05_06_real_packages/overlay_level1_poc_dryingbox_01_runtime/deps/mdl/Aluminum_Anodized/Aluminum_Anodized_ORM.png'
2026-06-30 08:27:17 [9,549ms] [Error] [rtx.mdltranslator.plugin] Texture file referenced in the material parameter defaults wasn't resolved properly: 'file:/tmp/aan05_06_real_packages/overlay_level1_poc_dryingbox_01_runtime/deps/mdl/Aluminum_Anodized/Aluminum_Anodized_BaseColor.png'
2026-06-30 08:27:17 [9,549ms] [Error] [rtx.mdltranslator.plugin] Texture file referenced in the material parameter defaults wasn't resolved properly: 'file:/tmp/aan05_06_real_packages/overlay_level1_poc_dryingbox_01_runtime/deps/mdl/Aluminum_Anodized/Aluminum_Anodized_Normal.png'
2026-06-30 08:27:17 [9,550ms] [Error] [rtx.mdltranslator.plugin] Texture file referenced in the material parameter defaults wasn't resolved properly: 'file:/tmp/aan05_06_real_packages/overlay_level1_poc_dryingbox_01_runtime/deps/mdl/Aluminum_Anodized/Aluminum_Anodized_ORM.png'
2026-06-30 08:27:17 [9,550ms] [Error] [rtx.mdltranslator.plugin] Texture file referenced in the material parameter defaults wasn't resolved properly: 'file:/tmp/aan05_06_real_packages/overlay_level1_poc_dryingbox_01_runtime/deps/mdl/Aluminum_Anodized/Aluminum_Anodized_BaseColor.png'
2026-06-30 08:27:17 [9,550ms] [Error] [rtx.mdltranslator.plugin] Texture file referenced in the material parameter defaults wasn't resolved properly: 'file:/tmp/aan05_06_real_packages/overlay_level1_poc_dryingbox_01_runtime/deps/mdl/Aluminum_Anodized/Aluminum_Anodized_Normal.png'
2026-06-30 08:27:17 [9,557ms] [Error] [rtx.neuraylib.plugin] [MDLC:COMPILER]   1.0   MDLC   comp error: file:/tmp/aan05_06_real_packages/overlay_level1_poc_dryingbox_01_runtime/deps/mdl/OmniPBR.mdl(44,8): C120 could not find module '.::OmniPBR_ClearCoat' in module path
2026-06-30 08:27:17 [9,557ms] [Error] [rtx.neuraylib.plugin] [MDLC:COMPILER]   1.0   MDLC   comp error: file:/tmp/aan05_06_real_packages/overlay_level1_poc_dryingbox_01_runtime/deps/mdl/OmniPBR.mdl(366,17): C108 'OmniPBR_ClearCoat' is not a package or module name
2026-06-30 08:27:17 [9,557ms] [Error] [omni.hydra] Failed to create MDL shade node for prim '/World/labutopia_level1_poc/obj_obj_DryingBox_01/Looks/task_indicator_mat/OmniPBR'. createMdlModule failed.
2026-06-30 08:27:17 [9,562ms] [Error] [rtx.neuraylib.plugin] [MDLC:COMPILER]   1.0   MDLC   comp error: file:/tmp/aan05_06_real_packages/overlay_level1_poc_dryingbox_01_runtime/deps/mdl/material_11.mdl(20,8): C120 could not find module '.::ad_3dsmax_materials' in module path
2026-06-30 08:27:17 [9,563ms] [Error] [rtx.neuraylib.plugin] [MDLC:COMPILER]   1.0   MDLC   comp error: file:/tmp/aan05_06_real_packages/overlay_level1_poc_dryingbox_01_runtime/deps/mdl/material_11.mdl(21,8): C120 could not find module '.::ad_3dsmax_maps' in module path
2026-06-30 08:27:17 [9,563ms] [Error] [rtx.neuraylib.plugin] [MDLC:COMPILER]   1.0   MDLC   comp error: file:/tmp/aan05_06_real_packages/overlay_level1_poc_dryingbox_01_runtime/deps/mdl/material_11.mdl(22,8): C120 could not find module '.::vray_materials' in module path
2026-06-30 08:27:17 [9,563ms] [Error] [rtx.neuraylib.plugin] [MDLC:COMPILER]   1.0   MDLC   comp error: file:/tmp/aan05_06_real_packages/overlay_level1_poc_dryingbox_01_runtime/deps/mdl/material_11.mdl(23,8): C120 could not find module '.::vray_maps' in module path
2026-06-30 08:27:17 [9,563ms] [Error] [rtx.neuraylib.plugin] [MDLC:COMPILER]   1.0   MDLC   comp error: file:/tmp/aan05_06_real_packages/overlay_level1_poc_dryingbox_01_runtime/deps/mdl/material_11.mdl(30,5): C108 'vray_materials' is not a package or module name
2026-06-30 08:27:17 [9,563ms] [Error] [rtx.neuraylib.plugin] [MDLC:COMPILER]   1.0   MDLC   comp error: file:/tmp/aan05_06_real_packages/overlay_level1_poc_dryingbox_01_runtime/deps/mdl/material_11.mdl(49,25): C108 'vray_materials' is not a package or module name
2026-06-30 08:27:17 [9,563ms] [Error] [rtx.neuraylib.plugin] [MDLC:COMPILER]   1.0   MDLC   comp error: file:/tmp/aan05_06_real_packages/overlay_level1_poc_dryingbox_01_runtime/deps/mdl/material_11.mdl(63,19): C108 'vray_materials' is not a package or module name
2026-06-30 08:27:17 [9,563ms] [Error] [rtx.neuraylib.plugin] [MDLC:COMPILER]   1.0   MDLC   comp error: file:/tmp/aan05_06_real_packages/overlay_level1_poc_dryingbox_01_runtime/deps/mdl/material_11.mdl(64,27): C108 'vray_materials' is not a package or module name
2026-06-30 08:27:17 [9,563ms] [Error] [rtx.neuraylib.plugin] [MDLC:COMPILER]   1.0   MDLC   comp error: file:/tmp/aan05_06_real_packages/overlay_level1_poc_dryingbox_01_runtime/deps/mdl/material_11.mdl(68,21): C108 'ad_3dsmax_maps' is not a package or module name
2026-06-30 08:27:17 [9,563ms] [Error] [omni.hydra] Failed to create MDL shade node for prim '/World/labutopia_level1_poc/obj_obj_DryingBox_01/Looks/mdl_0007/Shader'. createMdlModule failed.
