[Warning] [omni.isaac.kit.simulation_app] Modules: ['omni.kit_app'] were loaded before SimulationApp was started and might not be loaded correctly.
[Warning] [omni.isaac.kit.simulation_app] Please check to make sure no extra omniverse or pxr modules are imported before the call to SimulationApp(...)
[Info] [carb] Logging to file: /cpfs/user/zhuzihou/conda-managed/envs/embodied-eval-os-isaacsim41-py310/lib/python3.10/site-packages/omni/logs/Kit/Isaac-Sim/4.1/kit_20260714_233833.log
2026-07-14 15:38:33 [0ms] [Warning] [omni.kit.app.plugin] No crash reporter present, dumps uploading isn't available.
[0.448s] [ext: omni.kit.async_engine-0.0.0] startup
[7.358s] [ext: omni.stats-1.0.1] startup
[7.361s] [ext: omni.client-1.1.0] startup
[7.414s] [ext: omni.datastore-0.0.0] startup
[7.418s] [ext: omni.blobkey-1.1.0] startup
[7.420s] [ext: omni.ujitso.default-1.0.0] startup
[7.427s] [ext: omni.hsscclient-0.0.0] startup
[7.431s] [ext: omni.rtx.shadercache.vulkan-1.0.0] startup
[7.443s] [ext: omni.assets.plugins-0.0.0] startup
[7.449s] [ext: omni.gpu_foundation-0.0.0] startup
[7.496s] [ext: carb.windowing.plugins-1.0.0] startup
2026-07-14 15:38:40 [7,279ms] [Warning] [carb.windowing-glfw.plugin] GLFW initialization failed.
2026-07-14 15:38:40 [7,279ms] [Warning] [carb] Failed to startup plugin carb.windowing-glfw.plugin (interfaces: [carb::windowing::IGLContext v1.0],[carb::windowing::IWindowing v1.4]) (impl: carb.windowing-glfw.plugin)
[7.500s] [ext: omni.kit.renderer.init-0.0.0] startup
2026-07-14 15:38:40 [7,374ms] [Warning] [omni.platforminfo.plugin] failed to open the default display.  Can't verify X Server version.

|---------------------------------------------------------------------------------------------|
| Driver Version: 570.153.02    | Graphics API: Vulkan
|=============================================================================================|
| GPU | Name                             | Active | LDA | GPU Memory | Vendor-ID | LUID       |
|     |                                  |        |     |            | Device-ID | UUID       |
|     |                                  |        |     |            | Bus-ID    |            |
|---------------------------------------------------------------------------------------------|
| 0   | NVIDIA GeForce RTX 4090          | Yes: 0 |     | 46314   MB | 10de      | 0          |
|     |                                  |        |     |            | 2684      | f12b8fdb.. |
|     |                                  |        |     |            | 8         |            |
|=============================================================================================|
| OS: 22.04.5 LTS (Jammy Jellyfish) ubuntu, Version: 22.04.5, Kernel: 5.10.134-17.3.al8.x86_64
| Processor: Intel(R) Xeon(R) Gold 6462C | Cores: 64 | Logical: 128
|---------------------------------------------------------------------------------------------|
| Total Memory (MB): 1031320 | Free Memory: 67653
| Total Page/Swap (MB): 0 | Free Page/Swap: 0
|---------------------------------------------------------------------------------------------|
2026-07-14 15:38:42 [9,035ms] [Warning] [gpu.foundation.plugin] ECC is enabled on physical device 0
2026-07-14 15:38:42 [9,037ms] [Warning] [gpu.foundation.plugin] IOMMU is enabled.
[9.466s] [ext: omni.kit.pipapi-0.0.0] startup
[9.470s] [ext: omni.kit.pip_archive-0.0.0] startup
[9.471s] [ext: omni.mtlx-0.1.0] startup
[9.473s] [ext: omni.usd.config-1.0.4] startup
[9.568s] [ext: omni.gpucompute.plugins-0.0.0] startup
[9.570s] [ext: omni.usd.libs-1.0.1] startup
[9.711s] [ext: omni.kit.telemetry-0.5.0] startup
[9.771s] [ext: omni.kit.loop-isaac-1.2.0] startup
[9.775s] [ext: omni.kit.test-0.0.0] startup
[9.961s] [ext: omni.appwindow-1.1.8] startup
2026-07-14 15:38:43 [9,744ms] [Warning] [carb.windowing-glfw.plugin] GLFW initialization failed.
2026-07-14 15:38:43 [9,744ms] [Warning] [carb] Failed to startup plugin carb.windowing-glfw.plugin (interfaces: [carb::windowing::IGLContext v1.0],[carb::windowing::IWindowing v1.4]) (impl: carb.windowing-glfw.plugin)
[9.968s] [ext: omni.kit.renderer.core-1.0.1] startup
2026-07-14 15:38:43 [9,753ms] [Warning] [carb.windowing-glfw.plugin] GLFW initialization failed.
2026-07-14 15:38:43 [9,753ms] [Warning] [carb] Failed to startup plugin carb.windowing-glfw.plugin (interfaces: [carb::windowing::IGLContext v1.0],[carb::windowing::IWindowing v1.4]) (impl: carb.windowing-glfw.plugin)
2026-07-14 15:38:43 [9,760ms] [Warning] [carb.windowing-glfw.plugin] GLFW initialization failed.
2026-07-14 15:38:43 [9,760ms] [Warning] [carb] Failed to startup plugin carb.windowing-glfw.plugin (interfaces: [carb::windowing::IGLContext v1.0],[carb::windowing::IWindowing v1.4]) (impl: carb.windowing-glfw.plugin)
[9.988s] [ext: omni.kit.renderer.capture-0.0.0] startup
[10.001s] [ext: omni.kit.renderer.imgui-1.0.1] startup
2026-07-14 15:38:43 [9,804ms] [Warning] [carb.windowing-glfw.plugin] GLFW initialization failed.
2026-07-14 15:38:43 [9,804ms] [Warning] [carb] Failed to startup plugin carb.windowing-glfw.plugin (interfaces: [carb::windowing::IGLContext v1.0],[carb::windowing::IWindowing v1.4]) (impl: carb.windowing-glfw.plugin)
2026-07-14 15:38:43 [9,805ms] [Warning] [carb.windowing-glfw.plugin] GLFW initialization failed.
2026-07-14 15:38:43 [9,805ms] [Warning] [carb] Failed to startup plugin carb.windowing-glfw.plugin (interfaces: [carb::windowing::IGLContext v1.0],[carb::windowing::IWindowing v1.4]) (impl: carb.windowing-glfw.plugin)
2026-07-14 15:38:43 [9,806ms] [Warning] [carb.windowing-glfw.plugin] GLFW initialization failed.
2026-07-14 15:38:43 [9,806ms] [Warning] [carb] Failed to startup plugin carb.windowing-glfw.plugin (interfaces: [carb::windowing::IGLContext v1.0],[carb::windowing::IWindowing v1.4]) (impl: carb.windowing-glfw.plugin)
[10.179s] [ext: omni.ui-2.23.11] startup
[10.200s] [ext: omni.kit.mainwindow-1.0.3] startup
[10.207s] [ext: carb.audio-0.1.0] startup
[10.211s] [ext: omni.uiaudio-1.0.0] startup
[10.234s] [ext: omni.kit.uiapp-0.0.0] startup
[10.234s] [ext: omni.usd.schema.audio-0.0.0] startup
[10.374s] [ext: omni.usd.schema.physx-106.0.20] startup
[10.425s] [ext: omni.usd.schema.forcefield-106.0.20] startup
[10.436s] [ext: omni.usd.schema.anim-0.0.0] startup
[10.472s] [ext: omni.usd.schema.omniscripting-1.0.0] startup
[10.482s] [ext: omni.usd.schema.omnigraph-1.0.0] startup
[10.495s] [ext: omni.anim.graph.schema-106.0.2] startup
[10.506s] [ext: omni.anim.navigation.schema-106.0.2] startup
[10.516s] [ext: omni.usd.schema.isaac-2.1.0] startup
[10.530s] [ext: omni.usd.schema.semantics-0.0.0] startup
[10.537s] [ext: omni.usd.schema.geospatial-0.0.0] startup
[10.544s] [ext: omni.usd.schema.scene.visualization-2.0.2] startup
[10.554s] [ext: omni.graph.exec-0.9.3] startup
[10.556s] [ext: omni.usd_resolver-1.0.0] startup
[10.580s] [ext: omni.activity.core-1.0.1] startup
[10.584s] [ext: omni.kit.usd_undo-0.1.8] startup
[10.585s] [ext: omni.kit.exec.core-0.13.2] startup
[10.594s] [ext: omni.usd.core-1.2.11] startup
[10.598s] [ext: omni.kit.actions.core-1.0.0] startup
[10.604s] [ext: omni.resourcemonitor-105.0.1] startup
[10.612s] [ext: omni.kit.window.popup_dialog-2.0.24] startup
[10.621s] [ext: omni.timeline-1.0.10] startup
[10.625s] [ext: omni.kit.commands-1.4.9] startup
[10.637s] [ext: usdrt.scenegraph-7.4.8] startup
[10.705s] [ext: omni.kit.widget.nucleus_connector-1.1.8] startup
[10.711s] [ext: omni.kit.audiodeviceenum-1.0.1] startup
[10.716s] [ext: omni.hydra.usdrt_delegate-7.4.7] startup
[10.743s] [ext: omni.hydra.scene_delegate-0.3.3] startup
[10.751s] [ext: omni.kit.collaboration.telemetry-1.0.0] startup
[10.754s] [ext: omni.usd-1.11.2] startup
[10.822s] [ext: omni.kit.collaboration.channel_manager-1.0.11] startup
[10.826s] [ext: omni.kit.usd.layers-2.1.31] startup
[10.854s] [ext: omni.kit.collaboration.presence_layer-1.0.8] startup
[10.861s] [ext: omni.kit.window.cursor-1.1.2] startup
[10.865s] [ext: omni.kit.menu.utils-1.5.27] startup
[10.899s] [ext: omni.iray.libs-0.0.0] startup
[10.910s] [ext: omni.kit.primitive.mesh-1.0.16] startup
[10.922s] [ext: omni.mdl.neuraylib-0.2.5] startup
[10.928s] [ext: omni.hydra.engine.stats-1.0.2] startup
[10.935s] [ext: omni.kit.widget.searchable_combobox-1.0.6] startup
[10.938s] [ext: omni.kit.widget.path_field-2.0.9] startup
[10.941s] [ext: omni.kit.clipboard-1.0.3] startup
[10.944s] [ext: omni.ujitso.processor.texture-1.0.0] startup
[10.948s] [ext: omni.kit.widget.browser_bar-2.0.10] startup
[10.952s] [ext: omni.kit.notification_manager-1.0.8] startup
[10.960s] [ext: omni.volume-0.5.0] startup
[10.964s] [ext: omni.ujitso.client-0.0.0] startup
[10.966s] [ext: omni.kit.helper.file_utils-0.1.8] startup
[10.970s] [ext: omni.kit.widget.nucleus_info-1.0.2] startup
[10.973s] [ext: omni.kit.widget.filebrowser-2.10.48] startup
[10.993s] [ext: omni.kit.search_core-1.0.5] startup
[10.997s] [ext: omni.kit.widget.options_menu-1.1.4] startup
[11.008s] [ext: omni.ui.scene-1.9.3] startup
[11.017s] [ext: omni.kit.widget.search_delegate-1.0.4] startup
[11.021s] [ext: omni.kit.widget.options_button-1.0.2] startup
[11.023s] [ext: omni.kit.widget.context_menu-1.2.1] startup
[11.027s] [ext: omni.kit.hotkeys.core-1.3.3] startup
[11.028s] [ext: omni.kit.window.filepicker-2.10.34] startup
[11.083s] [ext: omni.hydra.rtx-0.2.0] startup
[11.128s] [ext: omni.kit.context_menu-1.8.0] startup
[11.136s] [ext: omni.mdl-52.0.1] startup
[11.154s] [ext: omni.kit.window.file_importer-1.1.11] startup
[11.158s] [ext: omni.kit.raycast.query-1.0.5] startup
[11.170s] [ext: omni.kit.viewport.registry-104.0.6] startup
[11.173s] [ext: omni.kit.viewport.legacy_gizmos-1.0.15] startup
[11.180s] [ext: omni.kit.material.library-1.4.4] startup
[11.197s] [ext: omni.kit.window.file_exporter-1.0.29] startup
[11.202s] [ext: omni.kit.hydra_texture-1.2.6] startup
[11.220s] [ext: omni.kit.window.drop_support-1.0.2] startup
[11.222s] [ext: omni.kit.widget.viewport-106.0.3] startup
[11.236s] [ext: omni.kit.widget.filter-1.1.4] startup
[11.240s] [ext: omni.kit.viewport.window-106.0.8] startup
[11.284s] [ext: omni.kit.widget.settings-1.1.1] startup
[11.290s] [ext: omni.kit.widget.prompt-1.0.7] startup
[11.293s] [ext: omni.kit.viewport.utility-1.0.17] startup
[11.295s] [ext: omni.kit.window.preferences-1.5.3] startup
[11.353s] [ext: omni.kit.widget.live_session_management.ui-1.0.1] startup
[11.365s] [ext: omni.kit.viewport.actions-106.0.3] startup
[11.372s] [ext: omni.kit.widget.stage-2.10.26] startup
[11.411s] [ext: omni.kit.stage_template.core-1.1.21] startup
[11.413s] [ext: omni.kit.widget.live_session_management-1.2.18] startup
[11.430s] [ext: omni.kit.viewport.menubar.core-106.0.2] startup
[11.525s] [ext: omni.kit.manipulator.transform-104.7.5] startup
[11.716s] [ext: omni.kit.stage_templates-1.2.3] startup
[11.724s] [ext: omni.debugdraw-0.1.3] startup
[11.734s] [ext: omni.kit.viewport.menubar.display-106.0.2] startup
[11.739s] [ext: omni.kvdb-106.0.20] startup
[11.748s] [ext: omni.inspect-1.0.1] startup
[11.751s] [ext: omni.kit.window.file-1.3.52] startup
[11.762s] [ext: omni.kit.window.content_browser_registry-0.0.6] startup
[11.765s] [ext: omni.usdphysics-106.0.20] startup
[11.770s] [ext: omni.convexdecomposition-106.0.20] startup
[11.784s] [ext: omni.kit.window.content_browser-2.9.14] startup
[11.833s] [ext: omni.usdphysics.ui-106.0.20] startup
[11.866s] [ext: omni.localcache-106.0.20] startup
[11.876s] [ext: omni.physx.foundation-106.0.20] startup
[11.877s] [ext: omni.kit.widget.highlight_label-1.0.2] startup
[11.880s] [ext: omni.graph.core-2.170.3] startup
[11.886s] [ext: omni.kit.widget.searchfield-1.1.6] startup
[11.890s] [ext: omni.physx.cooking-106.0.20] startup
[11.961s] [ext: omni.kit.widget.text_editor-1.0.2] startup
[11.965s] [ext: omni.graph.image.core-0.3.2] startup
[11.968s] [ext: omni.kit.window.property-1.11.1] startup
[11.978s] [ext: omni.physx-106.0.20] startup
[12.013s] [ext: omni.kit.widget.toolbar-1.6.2] startup
[12.041s] [ext: omni.kit.property.usd-3.21.28] startup
[12.065s] [ext: omni.physx.stageupdate-106.0.20] startup
[12.077s] [ext: omni.physx.commands-106.0.20] startup
[12.085s] [ext: omni.kit.manipulator.tool.snap-1.4.5] startup
[12.109s] [ext: omni.graph.tools-1.78.0] startup
[12.203s] [ext: omni.physx.ui-106.0.20] startup
[12.272s] [ext: omni.graph-1.135.0] startup
[12.357s] [ext: omni.physx.demos-106.0.20] startup
[12.435s] [ext: omni.graph.image.nodes-1.0.2] startup
[12.438s] [ext: omni.graph.action_core-1.1.4] startup
[12.449s] [ext: omni.isaac.version-1.1.0] startup
[12.452s] [ext: omni.syntheticdata-0.6.7] startup
[12.511s] [ext: omni.physx.graph-106.0.20] startup
[12.542s] [ext: omni.isaac.nucleus-0.3.0] startup
[12.546s] [ext: omni.physx.telemetry-106.0.20] startup
[12.561s] [ext: omni.kit.manipulator.selector-1.1.1] startup
[12.567s] [ext: omni.ui_query-1.1.2] startup
[12.570s] [ext: omni.kit.widget.graph-1.12.8] startup
[12.584s] [ext: omni.kit.property.material-1.9.4] startup
[12.595s] [ext: omni.kit.window.extensions-1.4.9] startup
[12.619s] [ext: omni.kit.property.physx-106.0.20] startup
[12.725s] [ext: omni.graph.ui-1.70.0] startup
[12.780s] [ext: omni.physx.vehicle-106.0.20] startup
[12.840s] [ext: omni.kit.manipulator.viewport-107.0.0] startup
[12.846s] [ext: omni.kit.viewport.manipulator.transform-106.0.1] startup
[12.852s] [ext: omni.kit.ui_test-1.2.18] startup
[12.860s] [ext: omni.graph.action_nodes-1.23.0] startup
[12.871s] [ext: omni.physx.camera-106.0.20] startup
[12.894s] [ext: omni.fabric.commands-1.1.4] startup
[12.905s] [ext: omni.kit.manipulator.prim.core-107.0.3] startup
[12.927s] [ext: omni.physx.cct-106.0.20] startup
[12.963s] [ext: omni.graph.action-1.102.1] startup
[12.966s] [ext: omni.graph.nodes-1.143.0] startup
[12.988s] [ext: omni.graph.ui_nodes-1.25.1] startup
[13.006s] [ext: omni.kit.manipulator.prim.fabric-106.0.1] startup
[13.016s] [ext: omni.physics.tensors-106.0.20] startup
[13.042s] [ext: omni.kit.graph.delegate.default-1.2.2] startup
[13.055s] [ext: omni.kit.manipulator.prim.usd-106.0.1] startup
[13.062s] [ext: omni.graph.bundle.action-2.0.4] startup
[13.065s] [ext: omni.command.usd-1.0.3] startup
[13.068s] [ext: omni.physx.tensors-106.0.20] startup
[13.076s] [ext: omni.kit.graph.editor.core-1.5.3] startup
[13.094s] [ext: omni.kit.manipulator.prim-106.0.0] startup
[13.095s] [ext: omni.kit.manipulator.selection-104.0.9] startup
[13.101s] [ext: omni.kit.widget.layers-1.7.9] startup
[13.160s] [ext: omni.kit.window.toolbar-1.6.1] startup
[13.169s] [ext: omni.kit.graph.usd.commands-1.3.1] startup
[13.179s] [ext: omni.kit.widget.material_preview-1.0.16] startup
[13.199s] [ext: omni.physx.supportui-106.0.20] startup
[13.300s] [ext: omni.warp.core-1.2.1] startup
[13.379s] [ext: omni.kit.window.material_graph-1.8.15] startup
[13.471s] [ext: omni.kit.numpy.common-0.1.2] startup
[13.476s] [ext: omni.warp-1.2.1] startup
[13.491s] [ext: omni.sensors.tiled-0.0.4] startup
[13.496s] [ext: omni.physx.bundle-106.0.20] startup
[13.496s] [ext: omni.graph.scriptnode-1.19.1] startup
[13.502s] [ext: omni.isaac.dynamic_control-1.3.8] startup
[13.526s] [ext: omni.replicator.core-1.11.14] startup
2026-07-14 15:38:47 [13,782ms] [Warning] [omni.replicator.core.scripts.annotators] Annotator PostProcessDispatch is already registered, overwriting annotator template
[14.348s] [ext: omni.isaac.core-3.18.1] startup
[16.851s] [ext: omni.graph.visualization.nodes-2.1.1] startup
[16.871s] [ext: omni.isaac.core_nodes-1.16.1] startup
[16.910s] [ext: omni.isaac.cloner-0.8.1] startup
[16.916s] [ext: omni.isaac.ui-0.16.0] startup
[16.934s] [ext: omni.kit.graph.widget.variables-2.1.0] startup
[16.942s] [ext: omni.kit.graph.delegate.modern-1.10.6] startup
[16.950s] [ext: omni.isaac.wheeled_robots-2.3.3] startup
[16.986s] [ext: omni.isaac.gym-0.11.3] startup
[16.991s] [ext: omni.graph.window.core-1.109.0] startup
[17.028s] [ext: omni.isaac.debug_draw-1.1.0] startup
[17.044s] [ext: omni.isaac.block_world-1.0.0] startup
[17.052s] [ext: omni.graph.window.generic-1.24.0] startup
[17.067s] [ext: omni.isaac.menu-0.5.0] startup
[17.074s] [ext: omni.isaac.occupancy_map-1.0.2] startup
[17.101s] [ext: omni.importer.mjcf-1.1.1] startup
[17.131s] [ext: omni.graph.window.action-1.26.0] startup
[17.144s] [ext: omni.kit.widget.live-2.1.6] startup
[17.153s] [ext: omni.kit.actions.window-1.1.1] startup
[17.171s] [ext: omni.kit.ui.actions-1.0.1] startup
[17.175s] [ext: omni.kit.widget.cache_indicator-2.0.8] startup
[17.316s] [ext: omni.kit.hotkeys.window-1.4.5] startup
[17.349s] [ext: omni.kit.selection-0.1.4] startup
[17.354s] [ext: omni.kit.menu.common-1.1.5] startup
[17.359s] [ext: omni.sensors.nv.common-1.2.2-isaac] startup
[17.417s] [ext: omni.isaac.kit-1.13.0] startup
[17.419s] [ext: omni.kit.menu.edit-1.1.24] startup
[17.429s] [ext: omni.kit.menu.file-1.1.10] startup
[17.436s] [ext: omni.isaac.range_sensor-3.1.1] startup
[17.487s] [ext: omni.sensors.nv.materials-1.2.1-isaac] startup
[17.499s] [ext: omni.kit.property.audio-1.0.11] startup
[17.505s] [ext: omni.kit.widget.stage_icons-1.0.4] startup
[17.508s] [ext: omni.kit.property.geometry-1.3.0] startup
[17.516s] [ext: omni.kit.property.camera-1.0.6] startup
[17.520s] [ext: omni.sensors.nv.lidar-1.2.2-isaac] startup
[17.532s] [ext: omni.sensors.nv.wpm-1.2.1-isaac] startup
[17.538s] [ext: omni.hydra.scene_api-0.1.2] startup
[17.552s] [ext: omni.kit.window.stage-2.5.10] startup
[17.561s] [ext: omni.kit.property.render-1.1.1] startup
[17.565s] [ext: omni.kit.property.light-1.0.8] startup
[17.571s] [ext: omni.sensors.nv.radar-1.2.1-isaac] startup
[17.585s] [ext: omni.kit.property.transform-1.5.1] startup
[17.594s] [ext: omni.kit.menu.stage-1.2.5] startup
[17.597s] [ext: omni.kit.profiler.window-2.2.1] startup
2026-07-14 15:38:50 [17,390ms] [Warning] [omni.kit.profiler.window] remove _SpanInstance.__lt__ and use insort 'key' arg instead
[18.423s] [ext: omni.kit.property.bundle-1.2.11] startup
[18.430s] [ext: omni.kit.property.isaac-0.2.3] startup
[18.435s] [ext: omni.isaac.sensor-12.7.1] startup
[18.559s] [ext: omni.isaac.surface_gripper-1.0.1] startup
[18.570s] [ext: omni.kit.stage_column.payload-2.0.0] startup
[18.584s] [ext: omni.kit.property.layer-1.1.6] startup
[18.598s] [ext: omni.isaac.scene_blox-0.1.2] startup
[18.601s] [ext: omni.isaac.quadruped-1.4.5] startup
[18.626s] [ext: omni.isaac.manipulators-2.1.0] startup
[18.639s] [ext: omni.isaac.lula-3.0.1] startup
[18.668s] [ext: omni.kit.viewport.menubar.render-106.1.3] startup
[18.681s] [ext: omni.kit.viewport.menubar.settings-106.0.1] startup
[18.710s] [ext: omni.kit.viewport.menubar.camera-105.1.8] startup
[18.733s] [ext: omni.kit.manipulator.camera-105.0.5] startup
[18.747s] [ext: omni.isaac.motion_generation-7.1.0] startup
[18.773s] [ext: omni.kit.widget.calendar-1.0.8] startup
[18.778s] [ext: omni.kit.stage_column.variant-1.0.13] startup
[18.782s] [ext: omni.kit.viewport.bundle-104.0.1] startup
[18.783s] [ext: omni.isaac.universal_robots-0.3.5] startup
[18.786s] [ext: omni.kit.widget.extended_searchfield-1.0.28] startup
[18.814s] [ext: omni.kit.widget.timeline-105.0.1] startup
[18.827s] [ext: omni.kit.window.commands-0.2.5] startup
[18.833s] [ext: omni.kit.window.console-0.2.12] startup
[18.849s] [ext: omni.kit.window.script_editor-1.7.6] startup
[18.856s] [ext: omni.kit.menu.create-1.0.13] startup
[18.862s] [ext: omni.kit.window.status_bar-0.1.6] startup
[18.876s] [ext: omni.rtx.window.settings-0.6.16] startup
[18.888s] [ext: omni.isaac.franka-0.4.1] startup
[18.891s] [ext: omni.kit.window.title-1.1.3] startup
2026-07-14 15:38:52 [18,676ms] [Warning] [carb.windowing-glfw.plugin] GLFW initialization failed.
2026-07-14 15:38:52 [18,676ms] [Warning] [carb] Failed to startup plugin carb.windowing-glfw.plugin (interfaces: [carb::windowing::IGLContext v1.0],[carb::windowing::IWindowing v1.4]) (impl: carb.windowing-glfw.plugin)
2026-07-14 15:38:52 [18,680ms] [Warning] [omni.log] Source: omni.structuredlog.plugin was already registered.
2026-07-14 15:38:52 [18,680ms] [Warning] [carb.windowing-glfw.plugin] GLFW initialization failed.
2026-07-14 15:38:52 [18,680ms] [Warning] [carb] Failed to startup plugin carb.windowing-glfw.plugin (interfaces: [carb::windowing::IGLContext v1.0],[carb::windowing::IWindowing v1.4]) (impl: carb.windowing-glfw.plugin)
[18.902s] [ext: omni.replicator.isaac-1.15.0] startup
[18.974s] [ext: omni.replicator.replicator_yaml-2.0.5] startup
[19.051s] [ext: omni.rtx.settings.core-0.6.0] startup
[19.068s] [ext: omni.isaac.cortex-0.3.8] startup
[19.078s] [ext: omni.kit.viewport.menubar.lighting-106.0.2] startup
[19.087s] [ext: semantics.schema.editor-0.3.6] startup
[19.095s] [ext: semantics.schema.property-1.0.3] startup
[19.107s] [ext: omni.kit.viewport.rtx-104.0.1] startup
[19.108s] [ext: omni.isaac.utils-1.0.1] startup
[19.121s] [ext: omni.isaac.cortex.sample_behaviors-1.0.5] startup
[19.124s] [ext: omni.importer.urdf-1.14.1] startup
[19.190s] [ext: omni.kit.window.stats-0.1.6] startup
[19.198s] [ext: omni.isaac.sim.python-4.1.0] startup
[19.206s] Simulation App Starting
2026-07-14 15:38:52 [19,390ms] [Warning] [rtx.neuraylib.plugin] [IRAY:RENDER]   1.1   IRAY   rend warn : CUDA device 0 (NVIDIA GeForce RTX 4090): ECC is enabled, this will reduce rendering performance (it is strongly recommended to disable ECC with iray)
[21.759s] app ready
Starting kit application with the following args:  ['/cpfs/user/zhuzihou/conda-managed/envs/embodied-eval-os-isaacsim41-py310/lib/python3.10/site-packages/isaacsim/exts/omni.isaac.kit/omni/isaac/kit/simulation_app.py', '/cpfs/user/zhuzihou/conda-managed/envs/embodied-eval-os-isaacsim41-py310/lib/python3.10/site-packages/isaacsim/apps/omni.isaac.sim.python.kit', '--/app/tokens/exe-path=/cpfs/user/zhuzihou/conda-managed/envs/embodied-eval-os-isaacsim41-py310/lib/python3.10/site-packages/omni', '--/persistent/app/viewport/displayOptions=3094', '--/rtx/materialDb/syncLoads=True', '--/rtx/hydra/materialSyncLoads=True', '--/omni.kit.plugin/syncUsdLoads=True', '--/app/renderer/resolution/width=1280', '--/app/renderer/resolution/height=720', '--/app/window/width=1440', '--/app/window/height=900', '--/renderer/multiGpu/enabled=False', '--/app/fastShutdown=True', '--ext-folder', '/cpfs/user/zhuzihou/conda-managed/envs/embodied-eval-os-isaacsim41-py310/lib/python3.10/site-packages/isaacsim/exts', '--ext-folder', '/cpfs/user/zhuzihou/conda-managed/envs/embodied-eval-os-isaacsim41-py310/lib/python3.10/site-packages/isaacsim/apps', '--/physics/cudaDevice=0', '--portable', '--no-window', '--/app/window/hideUi=1', '--allow-root']
Passing the following args to the base kit application:  ['--worker', '--root-usd', '/cpfs/user/zhuzihou/dev/ConvertAsset/docs/records/evidence/2026-07-14-aan-labutopia-vessel-interaction-profile/graduated_cylinder_03/package/asset.usd', '--request', '/cpfs/user/zhuzihou/dev/ConvertAsset/docs/records/evidence/2026-07-14-aan-labutopia-vessel-interaction-profile/graduated_cylinder_03/package/evidence/interaction_runtime_qualification/request.json', '--report-out', '/cpfs/user/zhuzihou/dev/ConvertAsset/docs/records/evidence/2026-07-14-aan-labutopia-vessel-interaction-profile/graduated_cylinder_03/package/evidence/interaction_runtime_qualification/report.json', '--expected-runtime-version', '4.1', '--process-exit-policy', 'os-exit']
Warp 1.2.1 initialized:
   CUDA Toolkit 11.8, Driver 12.8
   Devices:
     "cpu"      : "x86_64"
     "cuda:0"   : "NVIDIA GeForce RTX 4090" (44 GiB, sm_89, mempool enabled)
   Kernel cache:
     /root/.cache/warp/1.2.1
