[Warning] [omni.isaac.kit.simulation_app] Modules: ['omni.kit_app'] were loaded before SimulationApp was started and might not be loaded correctly.
[Warning] [omni.isaac.kit.simulation_app] Please check to make sure no extra omniverse or pxr modules are imported before the call to SimulationApp(...)
[Info] [carb] Logging to file: /cpfs/user/zhuzihou/conda-managed/envs/embodied-eval-os-isaacsim41-py310/lib/python3.10/site-packages/omni/logs/Kit/Isaac-Sim/4.1/kit_20260714_224456.log
2026-07-14 14:44:56 [0ms] [Warning] [omni.kit.app.plugin] No crash reporter present, dumps uploading isn't available.
[0.213s] [ext: omni.kit.async_engine-0.0.0] startup
[7.505s] [ext: omni.stats-1.0.1] startup
[7.509s] [ext: omni.client-1.1.0] startup
[7.562s] [ext: omni.datastore-0.0.0] startup
[7.569s] [ext: omni.blobkey-1.1.0] startup
[7.574s] [ext: omni.ujitso.default-1.0.0] startup
[7.578s] [ext: omni.hsscclient-0.0.0] startup
[7.581s] [ext: omni.rtx.shadercache.vulkan-1.0.0] startup
[7.599s] [ext: omni.assets.plugins-0.0.0] startup
[7.606s] [ext: omni.gpu_foundation-0.0.0] startup
[7.671s] [ext: carb.windowing.plugins-1.0.0] startup
2026-07-14 14:45:03 [7,620ms] [Warning] [carb.windowing-glfw.plugin] GLFW initialization failed.
2026-07-14 14:45:03 [7,620ms] [Warning] [carb] Failed to startup plugin carb.windowing-glfw.plugin (interfaces: [carb::windowing::IGLContext v1.0],[carb::windowing::IWindowing v1.4]) (impl: carb.windowing-glfw.plugin)
[7.676s] [ext: omni.kit.renderer.init-0.0.0] startup
2026-07-14 14:45:03 [7,707ms] [Warning] [omni.platforminfo.plugin] failed to open the default display.  Can't verify X Server version.

|---------------------------------------------------------------------------------------------|
| Driver Version: 570.153.02    | Graphics API: Vulkan
|=============================================================================================|
| GPU | Name                             | Active | LDA | GPU Memory | Vendor-ID | LUID       |
|     |                                  |        |     |            | Device-ID | UUID       |
|     |                                  |        |     |            | Bus-ID    |            |
|---------------------------------------------------------------------------------------------|
| 0   | NVIDIA GeForce RTX 4090          | Yes: 0 |     | 46314   MB | 10de      | 0          |
|     |                                  |        |     |            | 2684      | f12b8fdb.. |
|     |                                  |        |     |            | 8         |            |
|=============================================================================================|
| OS: 22.04.5 LTS (Jammy Jellyfish) ubuntu, Version: 22.04.5, Kernel: 5.10.134-17.3.al8.x86_64
| Processor: Intel(R) Xeon(R) Gold 6462C | Cores: 64 | Logical: 128
|---------------------------------------------------------------------------------------------|
| Total Memory (MB): 1031320 | Free Memory: 67913
| Total Page/Swap (MB): 0 | Free Page/Swap: 0
|---------------------------------------------------------------------------------------------|
2026-07-14 14:45:04 [8,584ms] [Warning] [gpu.foundation.plugin] ECC is enabled on physical device 0
2026-07-14 14:45:04 [8,585ms] [Warning] [gpu.foundation.plugin] IOMMU is enabled.
[8.801s] [ext: omni.kit.pipapi-0.0.0] startup
[8.804s] [ext: omni.kit.pip_archive-0.0.0] startup
[8.806s] [ext: omni.mtlx-0.1.0] startup
[8.807s] [ext: omni.usd.config-1.0.4] startup
[8.893s] [ext: omni.gpucompute.plugins-0.0.0] startup
[8.896s] [ext: omni.usd.libs-1.0.1] startup
[9.054s] [ext: omni.kit.telemetry-0.5.0] startup
[9.114s] [ext: omni.kit.loop-isaac-1.2.0] startup
[9.120s] [ext: omni.kit.test-0.0.0] startup
[9.348s] [ext: omni.appwindow-1.1.8] startup
2026-07-14 14:45:05 [9,296ms] [Warning] [carb.windowing-glfw.plugin] GLFW initialization failed.
2026-07-14 14:45:05 [9,296ms] [Warning] [carb] Failed to startup plugin carb.windowing-glfw.plugin (interfaces: [carb::windowing::IGLContext v1.0],[carb::windowing::IWindowing v1.4]) (impl: carb.windowing-glfw.plugin)
[9.356s] [ext: omni.kit.renderer.core-1.0.1] startup
2026-07-14 14:45:05 [9,306ms] [Warning] [carb.windowing-glfw.plugin] GLFW initialization failed.
2026-07-14 14:45:05 [9,306ms] [Warning] [carb] Failed to startup plugin carb.windowing-glfw.plugin (interfaces: [carb::windowing::IGLContext v1.0],[carb::windowing::IWindowing v1.4]) (impl: carb.windowing-glfw.plugin)
2026-07-14 14:45:05 [9,313ms] [Warning] [carb.windowing-glfw.plugin] GLFW initialization failed.
2026-07-14 14:45:05 [9,313ms] [Warning] [carb] Failed to startup plugin carb.windowing-glfw.plugin (interfaces: [carb::windowing::IGLContext v1.0],[carb::windowing::IWindowing v1.4]) (impl: carb.windowing-glfw.plugin)
[9.376s] [ext: omni.kit.renderer.capture-0.0.0] startup
[9.391s] [ext: omni.kit.renderer.imgui-1.0.1] startup
2026-07-14 14:45:05 [9,364ms] [Warning] [carb.windowing-glfw.plugin] GLFW initialization failed.
2026-07-14 14:45:05 [9,364ms] [Warning] [carb] Failed to startup plugin carb.windowing-glfw.plugin (interfaces: [carb::windowing::IGLContext v1.0],[carb::windowing::IWindowing v1.4]) (impl: carb.windowing-glfw.plugin)
2026-07-14 14:45:05 [9,366ms] [Warning] [carb.windowing-glfw.plugin] GLFW initialization failed.
2026-07-14 14:45:05 [9,366ms] [Warning] [carb] Failed to startup plugin carb.windowing-glfw.plugin (interfaces: [carb::windowing::IGLContext v1.0],[carb::windowing::IWindowing v1.4]) (impl: carb.windowing-glfw.plugin)
2026-07-14 14:45:05 [9,367ms] [Warning] [carb.windowing-glfw.plugin] GLFW initialization failed.
2026-07-14 14:45:05 [9,367ms] [Warning] [carb] Failed to startup plugin carb.windowing-glfw.plugin (interfaces: [carb::windowing::IGLContext v1.0],[carb::windowing::IWindowing v1.4]) (impl: carb.windowing-glfw.plugin)
[9.566s] [ext: omni.ui-2.23.11] startup
[9.581s] [ext: omni.kit.mainwindow-1.0.3] startup
[9.588s] [ext: carb.audio-0.1.0] startup
[9.591s] [ext: omni.uiaudio-1.0.0] startup
[9.595s] [ext: omni.kit.uiapp-0.0.0] startup
[9.595s] [ext: omni.usd.schema.audio-0.0.0] startup
[9.747s] [ext: omni.usd.schema.physx-106.0.20] startup
[9.803s] [ext: omni.usd.schema.forcefield-106.0.20] startup
[9.824s] [ext: omni.usd.schema.anim-0.0.0] startup
[9.892s] [ext: omni.usd.schema.omniscripting-1.0.0] startup
[9.929s] [ext: omni.usd.schema.omnigraph-1.0.0] startup
[9.960s] [ext: omni.anim.graph.schema-106.0.2] startup
[9.972s] [ext: omni.anim.navigation.schema-106.0.2] startup
[9.982s] [ext: omni.usd.schema.isaac-2.1.0] startup
[9.996s] [ext: omni.usd.schema.semantics-0.0.0] startup
[10.003s] [ext: omni.usd.schema.geospatial-0.0.0] startup
[10.011s] [ext: omni.usd.schema.scene.visualization-2.0.2] startup
[10.022s] [ext: omni.graph.exec-0.9.3] startup
[10.025s] [ext: omni.usd_resolver-1.0.0] startup
[10.058s] [ext: omni.activity.core-1.0.1] startup
[10.063s] [ext: omni.kit.usd_undo-0.1.8] startup
[10.066s] [ext: omni.kit.exec.core-0.13.2] startup
[10.078s] [ext: omni.usd.core-1.2.11] startup
[10.083s] [ext: omni.kit.actions.core-1.0.0] startup
[10.089s] [ext: omni.resourcemonitor-105.0.1] startup
[10.098s] [ext: omni.kit.window.popup_dialog-2.0.24] startup
[10.108s] [ext: omni.timeline-1.0.10] startup
[10.113s] [ext: omni.kit.commands-1.4.9] startup
[10.126s] [ext: usdrt.scenegraph-7.4.8] startup
[10.208s] [ext: omni.kit.widget.nucleus_connector-1.1.8] startup
[10.214s] [ext: omni.kit.audiodeviceenum-1.0.1] startup
[10.218s] [ext: omni.hydra.usdrt_delegate-7.4.7] startup
[10.242s] [ext: omni.hydra.scene_delegate-0.3.3] startup
[10.250s] [ext: omni.kit.collaboration.telemetry-1.0.0] startup
[10.252s] [ext: omni.usd-1.11.2] startup
[10.346s] [ext: omni.kit.collaboration.channel_manager-1.0.11] startup
[10.350s] [ext: omni.kit.usd.layers-2.1.31] startup
[10.371s] [ext: omni.kit.collaboration.presence_layer-1.0.8] startup
[10.378s] [ext: omni.kit.window.cursor-1.1.2] startup
[10.383s] [ext: omni.kit.menu.utils-1.5.27] startup
[10.422s] [ext: omni.iray.libs-0.0.0] startup
[10.444s] [ext: omni.kit.primitive.mesh-1.0.16] startup
[10.459s] [ext: omni.mdl.neuraylib-0.2.5] startup
[10.466s] [ext: omni.hydra.engine.stats-1.0.2] startup
[10.473s] [ext: omni.kit.widget.searchable_combobox-1.0.6] startup
[10.476s] [ext: omni.kit.widget.path_field-2.0.9] startup
[10.480s] [ext: omni.kit.clipboard-1.0.3] startup
[10.483s] [ext: omni.ujitso.processor.texture-1.0.0] startup
[10.486s] [ext: omni.kit.widget.browser_bar-2.0.10] startup
[10.489s] [ext: omni.kit.notification_manager-1.0.8] startup
[10.496s] [ext: omni.volume-0.5.0] startup
[10.501s] [ext: omni.ujitso.client-0.0.0] startup
[10.502s] [ext: omni.kit.helper.file_utils-0.1.8] startup
[10.506s] [ext: omni.kit.widget.nucleus_info-1.0.2] startup
[10.509s] [ext: omni.kit.widget.filebrowser-2.10.48] startup
[10.527s] [ext: omni.kit.search_core-1.0.5] startup
[10.530s] [ext: omni.kit.widget.options_menu-1.1.4] startup
[10.541s] [ext: omni.ui.scene-1.9.3] startup
[10.550s] [ext: omni.kit.widget.search_delegate-1.0.4] startup
[10.554s] [ext: omni.kit.widget.options_button-1.0.2] startup
[10.558s] [ext: omni.kit.widget.context_menu-1.2.1] startup
[10.562s] [ext: omni.kit.hotkeys.core-1.3.3] startup
[10.563s] [ext: omni.kit.window.filepicker-2.10.34] startup
[10.620s] [ext: omni.hydra.rtx-0.2.0] startup
[10.660s] [ext: omni.kit.context_menu-1.8.0] startup
[10.666s] [ext: omni.mdl-52.0.1] startup
[10.683s] [ext: omni.kit.window.file_importer-1.1.11] startup
[10.687s] [ext: omni.kit.raycast.query-1.0.5] startup
[10.700s] [ext: omni.kit.viewport.registry-104.0.6] startup
[10.702s] [ext: omni.kit.viewport.legacy_gizmos-1.0.15] startup
[10.707s] [ext: omni.kit.material.library-1.4.4] startup
[10.721s] [ext: omni.kit.window.file_exporter-1.0.29] startup
[10.725s] [ext: omni.kit.hydra_texture-1.2.6] startup
[10.738s] [ext: omni.kit.window.drop_support-1.0.2] startup
[10.740s] [ext: omni.kit.widget.viewport-106.0.3] startup
[10.755s] [ext: omni.kit.widget.filter-1.1.4] startup
[10.757s] [ext: omni.kit.viewport.window-106.0.8] startup
[10.794s] [ext: omni.kit.widget.settings-1.1.1] startup
[10.800s] [ext: omni.kit.widget.prompt-1.0.7] startup
[10.803s] [ext: omni.kit.viewport.utility-1.0.17] startup
[10.804s] [ext: omni.kit.window.preferences-1.5.3] startup
[10.860s] [ext: omni.kit.widget.live_session_management.ui-1.0.1] startup
[10.870s] [ext: omni.kit.viewport.actions-106.0.3] startup
[10.876s] [ext: omni.kit.widget.stage-2.10.26] startup
[10.911s] [ext: omni.kit.stage_template.core-1.1.21] startup
[10.913s] [ext: omni.kit.widget.live_session_management-1.2.18] startup
[10.923s] [ext: omni.kit.viewport.menubar.core-106.0.2] startup
[10.987s] [ext: omni.kit.manipulator.transform-104.7.5] startup
[11.169s] [ext: omni.kit.stage_templates-1.2.3] startup
[11.176s] [ext: omni.debugdraw-0.1.3] startup
[11.194s] [ext: omni.kit.viewport.menubar.display-106.0.2] startup
[11.198s] [ext: omni.kvdb-106.0.20] startup
[11.208s] [ext: omni.inspect-1.0.1] startup
[11.212s] [ext: omni.kit.window.file-1.3.52] startup
[11.220s] [ext: omni.kit.window.content_browser_registry-0.0.6] startup
[11.223s] [ext: omni.usdphysics-106.0.20] startup
[11.228s] [ext: omni.convexdecomposition-106.0.20] startup
[11.241s] [ext: omni.kit.window.content_browser-2.9.14] startup
[11.265s] [ext: omni.usdphysics.ui-106.0.20] startup
[11.300s] [ext: omni.localcache-106.0.20] startup
[11.308s] [ext: omni.physx.foundation-106.0.20] startup
[11.310s] [ext: omni.kit.widget.highlight_label-1.0.2] startup
[11.313s] [ext: omni.graph.core-2.170.3] startup
[11.319s] [ext: omni.kit.widget.searchfield-1.1.6] startup
[11.323s] [ext: omni.physx.cooking-106.0.20] startup
[11.404s] [ext: omni.kit.widget.text_editor-1.0.2] startup
[11.409s] [ext: omni.graph.image.core-0.3.2] startup
[11.412s] [ext: omni.kit.window.property-1.11.1] startup
[11.424s] [ext: omni.physx-106.0.20] startup
[11.457s] [ext: omni.kit.widget.toolbar-1.6.2] startup
[11.482s] [ext: omni.kit.property.usd-3.21.28] startup
[11.506s] [ext: omni.physx.stageupdate-106.0.20] startup
[11.519s] [ext: omni.physx.commands-106.0.20] startup
[11.531s] [ext: omni.kit.manipulator.tool.snap-1.4.5] startup
[11.553s] [ext: omni.graph.tools-1.78.0] startup
[11.637s] [ext: omni.physx.ui-106.0.20] startup
[11.695s] [ext: omni.graph-1.135.0] startup
[11.792s] [ext: omni.physx.demos-106.0.20] startup
[11.980s] [ext: omni.graph.image.nodes-1.0.2] startup
[11.986s] [ext: omni.graph.action_core-1.1.4] startup
[11.999s] [ext: omni.isaac.version-1.1.0] startup
[12.003s] [ext: omni.syntheticdata-0.6.7] startup
[12.080s] [ext: omni.physx.graph-106.0.20] startup
[12.115s] [ext: omni.isaac.nucleus-0.3.0] startup
[12.120s] [ext: omni.physx.telemetry-106.0.20] startup
[12.137s] [ext: omni.kit.manipulator.selector-1.1.1] startup
[12.148s] [ext: omni.ui_query-1.1.2] startup
[12.152s] [ext: omni.kit.widget.graph-1.12.8] startup
[12.173s] [ext: omni.kit.property.material-1.9.4] startup
[12.187s] [ext: omni.kit.window.extensions-1.4.9] startup
[12.219s] [ext: omni.kit.property.physx-106.0.20] startup
[12.331s] [ext: omni.graph.ui-1.70.0] startup
[12.400s] [ext: omni.physx.vehicle-106.0.20] startup
[12.449s] [ext: omni.kit.manipulator.viewport-107.0.0] startup
[12.454s] [ext: omni.kit.viewport.manipulator.transform-106.0.1] startup
[12.459s] [ext: omni.kit.ui_test-1.2.18] startup
[12.471s] [ext: omni.graph.action_nodes-1.23.0] startup
[12.484s] [ext: omni.physx.camera-106.0.20] startup
[12.518s] [ext: omni.fabric.commands-1.1.4] startup
[12.530s] [ext: omni.kit.manipulator.prim.core-107.0.3] startup
[12.571s] [ext: omni.physx.cct-106.0.20] startup
[12.597s] [ext: omni.graph.action-1.102.1] startup
[12.602s] [ext: omni.graph.nodes-1.143.0] startup
[12.630s] [ext: omni.graph.ui_nodes-1.25.1] startup
[12.648s] [ext: omni.kit.manipulator.prim.fabric-106.0.1] startup
[12.661s] [ext: omni.physics.tensors-106.0.20] startup
[12.681s] [ext: omni.kit.graph.delegate.default-1.2.2] startup
[12.692s] [ext: omni.kit.manipulator.prim.usd-106.0.1] startup
[12.703s] [ext: omni.graph.bundle.action-2.0.4] startup
[12.704s] [ext: omni.command.usd-1.0.3] startup
[12.708s] [ext: omni.physx.tensors-106.0.20] startup
[12.716s] [ext: omni.kit.graph.editor.core-1.5.3] startup
[12.731s] [ext: omni.kit.manipulator.prim-106.0.0] startup
[12.732s] [ext: omni.kit.manipulator.selection-104.0.9] startup
[12.739s] [ext: omni.kit.widget.layers-1.7.9] startup
[12.836s] [ext: omni.kit.window.toolbar-1.6.1] startup
[12.854s] [ext: omni.kit.graph.usd.commands-1.3.1] startup
[12.870s] [ext: omni.kit.widget.material_preview-1.0.16] startup
[12.894s] [ext: omni.physx.supportui-106.0.20] startup
[12.925s] [ext: omni.warp.core-1.2.1] startup
[12.998s] [ext: omni.kit.window.material_graph-1.8.15] startup
[13.066s] [ext: omni.kit.numpy.common-0.1.2] startup
[13.070s] [ext: omni.warp-1.2.1] startup
[13.084s] [ext: omni.sensors.tiled-0.0.4] startup
[13.090s] [ext: omni.physx.bundle-106.0.20] startup
[13.090s] [ext: omni.graph.scriptnode-1.19.1] startup
[13.097s] [ext: omni.isaac.dynamic_control-1.3.8] startup
[13.127s] [ext: omni.replicator.core-1.11.14] startup
2026-07-14 14:45:09 [13,564ms] [Warning] [omni.replicator.core.scripts.annotators] Annotator PostProcessDispatch is already registered, overwriting annotator template
[14.079s] [ext: omni.isaac.core-3.18.1] startup
[16.960s] [ext: omni.graph.visualization.nodes-2.1.1] startup
[16.984s] [ext: omni.isaac.core_nodes-1.16.1] startup
[17.021s] [ext: omni.isaac.cloner-0.8.1] startup
[17.027s] [ext: omni.isaac.ui-0.16.0] startup
[17.052s] [ext: omni.kit.graph.widget.variables-2.1.0] startup
[17.062s] [ext: omni.kit.graph.delegate.modern-1.10.6] startup
[17.071s] [ext: omni.isaac.wheeled_robots-2.3.3] startup
[17.115s] [ext: omni.isaac.gym-0.11.3] startup
[17.117s] [ext: omni.graph.window.core-1.109.0] startup
[17.160s] [ext: omni.isaac.debug_draw-1.1.0] startup
[17.179s] [ext: omni.isaac.block_world-1.0.0] startup
[17.188s] [ext: omni.graph.window.generic-1.24.0] startup
[17.205s] [ext: omni.isaac.menu-0.5.0] startup
[17.212s] [ext: omni.isaac.occupancy_map-1.0.2] startup
[17.250s] [ext: omni.importer.mjcf-1.1.1] startup
[17.287s] [ext: omni.graph.window.action-1.26.0] startup
[17.311s] [ext: omni.kit.widget.live-2.1.6] startup
[17.320s] [ext: omni.kit.actions.window-1.1.1] startup
[17.337s] [ext: omni.kit.ui.actions-1.0.1] startup
[17.342s] [ext: omni.kit.widget.cache_indicator-2.0.8] startup
[17.469s] [ext: omni.kit.hotkeys.window-1.4.5] startup
[17.495s] [ext: omni.kit.selection-0.1.4] startup
[17.499s] [ext: omni.kit.menu.common-1.1.5] startup
[17.504s] [ext: omni.sensors.nv.common-1.2.2-isaac] startup
[17.542s] [ext: omni.isaac.kit-1.13.0] startup
[17.543s] [ext: omni.kit.menu.edit-1.1.24] startup
[17.551s] [ext: omni.kit.menu.file-1.1.10] startup
[17.557s] [ext: omni.isaac.range_sensor-3.1.1] startup
[17.610s] [ext: omni.sensors.nv.materials-1.2.1-isaac] startup
[17.623s] [ext: omni.kit.property.audio-1.0.11] startup
[17.627s] [ext: omni.kit.widget.stage_icons-1.0.4] startup
[17.631s] [ext: omni.kit.property.geometry-1.3.0] startup
[17.639s] [ext: omni.kit.property.camera-1.0.6] startup
[17.644s] [ext: omni.sensors.nv.lidar-1.2.2-isaac] startup
[17.654s] [ext: omni.sensors.nv.wpm-1.2.1-isaac] startup
[17.659s] [ext: omni.hydra.scene_api-0.1.2] startup
[17.671s] [ext: omni.kit.window.stage-2.5.10] startup
[17.681s] [ext: omni.kit.property.render-1.1.1] startup
[17.688s] [ext: omni.kit.property.light-1.0.8] startup
[17.694s] [ext: omni.sensors.nv.radar-1.2.1-isaac] startup
[17.708s] [ext: omni.kit.property.transform-1.5.1] startup
[17.719s] [ext: omni.kit.menu.stage-1.2.5] startup
[17.725s] [ext: omni.kit.profiler.window-2.2.1] startup
2026-07-14 14:45:13 [17,685ms] [Warning] [omni.kit.profiler.window] remove _SpanInstance.__lt__ and use insort 'key' arg instead
[18.720s] [ext: omni.kit.property.bundle-1.2.11] startup
[18.727s] [ext: omni.kit.property.isaac-0.2.3] startup
[18.734s] [ext: omni.isaac.sensor-12.7.1] startup
[18.856s] [ext: omni.isaac.surface_gripper-1.0.1] startup
[18.868s] [ext: omni.kit.stage_column.payload-2.0.0] startup
[18.886s] [ext: omni.kit.property.layer-1.1.6] startup
[18.905s] [ext: omni.isaac.scene_blox-0.1.2] startup
[18.909s] [ext: omni.isaac.quadruped-1.4.5] startup
[18.934s] [ext: omni.isaac.manipulators-2.1.0] startup
[18.951s] [ext: omni.isaac.lula-3.0.1] startup
[18.991s] [ext: omni.kit.viewport.menubar.render-106.1.3] startup
[19.006s] [ext: omni.kit.viewport.menubar.settings-106.0.1] startup
[19.025s] [ext: omni.kit.viewport.menubar.camera-105.1.8] startup
[19.046s] [ext: omni.kit.manipulator.camera-105.0.5] startup
[19.058s] [ext: omni.isaac.motion_generation-7.1.0] startup
[19.090s] [ext: omni.kit.widget.calendar-1.0.8] startup
[19.100s] [ext: omni.kit.stage_column.variant-1.0.13] startup
[19.106s] [ext: omni.kit.viewport.bundle-104.0.1] startup
[19.107s] [ext: omni.isaac.universal_robots-0.3.5] startup
[19.113s] [ext: omni.kit.widget.extended_searchfield-1.0.28] startup
[19.141s] [ext: omni.kit.widget.timeline-105.0.1] startup
[19.155s] [ext: omni.kit.window.commands-0.2.5] startup
[19.161s] [ext: omni.kit.window.console-0.2.12] startup
[19.180s] [ext: omni.kit.window.script_editor-1.7.6] startup
[19.190s] [ext: omni.kit.menu.create-1.0.13] startup
[19.197s] [ext: omni.kit.window.status_bar-0.1.6] startup
[19.213s] [ext: omni.rtx.window.settings-0.6.16] startup
[19.227s] [ext: omni.isaac.franka-0.4.1] startup
[19.232s] [ext: omni.kit.window.title-1.1.3] startup
2026-07-14 14:45:15 [19,182ms] [Warning] [carb.windowing-glfw.plugin] GLFW initialization failed.
2026-07-14 14:45:15 [19,182ms] [Warning] [carb] Failed to startup plugin carb.windowing-glfw.plugin (interfaces: [carb::windowing::IGLContext v1.0],[carb::windowing::IWindowing v1.4]) (impl: carb.windowing-glfw.plugin)
2026-07-14 14:45:15 [19,189ms] [Warning] [omni.log] Source: omni.structuredlog.plugin was already registered.
2026-07-14 14:45:15 [19,190ms] [Warning] [carb.windowing-glfw.plugin] GLFW initialization failed.
2026-07-14 14:45:15 [19,190ms] [Warning] [carb] Failed to startup plugin carb.windowing-glfw.plugin (interfaces: [carb::windowing::IGLContext v1.0],[carb::windowing::IWindowing v1.4]) (impl: carb.windowing-glfw.plugin)
[19.247s] [ext: omni.replicator.isaac-1.15.0] startup
[19.356s] [ext: omni.replicator.replicator_yaml-2.0.5] startup
[19.427s] [ext: omni.rtx.settings.core-0.6.0] startup
[19.444s] [ext: omni.isaac.cortex-0.3.8] startup
[19.447s] [ext: omni.kit.viewport.menubar.lighting-106.0.2] startup
[19.457s] [ext: semantics.schema.editor-0.3.6] startup
[19.464s] [ext: semantics.schema.property-1.0.3] startup
[19.470s] [ext: omni.kit.viewport.rtx-104.0.1] startup
[19.471s] [ext: omni.isaac.utils-1.0.1] startup
[19.479s] [ext: omni.isaac.cortex.sample_behaviors-1.0.5] startup
[19.482s] [ext: omni.importer.urdf-1.14.1] startup
[19.554s] [ext: omni.kit.window.stats-0.1.6] startup
[19.562s] [ext: omni.isaac.sim.python-4.1.0] startup
[19.565s] Simulation App Starting
2026-07-14 14:45:16 [19,811ms] [Warning] [rtx.neuraylib.plugin] [IRAY:RENDER]   1.1   IRAY   rend warn : CUDA device 0 (NVIDIA GeForce RTX 4090): ECC is enabled, this will reduce rendering performance (it is strongly recommended to disable ECC with iray)
[22.827s] app ready
Starting kit application with the following args:  ['/cpfs/user/zhuzihou/conda-managed/envs/embodied-eval-os-isaacsim41-py310/lib/python3.10/site-packages/isaacsim/exts/omni.isaac.kit/omni/isaac/kit/simulation_app.py', '/cpfs/user/zhuzihou/conda-managed/envs/embodied-eval-os-isaacsim41-py310/lib/python3.10/site-packages/isaacsim/apps/omni.isaac.sim.python.kit', '--/app/tokens/exe-path=/cpfs/user/zhuzihou/conda-managed/envs/embodied-eval-os-isaacsim41-py310/lib/python3.10/site-packages/omni', '--/persistent/app/viewport/displayOptions=3094', '--/rtx/materialDb/syncLoads=True', '--/rtx/hydra/materialSyncLoads=True', '--/omni.kit.plugin/syncUsdLoads=True', '--/app/renderer/resolution/width=1280', '--/app/renderer/resolution/height=720', '--/app/window/width=1440', '--/app/window/height=900', '--/renderer/multiGpu/enabled=False', '--/app/fastShutdown=True', '--ext-folder', '/cpfs/user/zhuzihou/conda-managed/envs/embodied-eval-os-isaacsim41-py310/lib/python3.10/site-packages/isaacsim/exts', '--ext-folder', '/cpfs/user/zhuzihou/conda-managed/envs/embodied-eval-os-isaacsim41-py310/lib/python3.10/site-packages/isaacsim/apps', '--/physics/cudaDevice=0', '--portable', '--no-window', '--/app/window/hideUi=1', '--allow-root']
Passing the following args to the base kit application:  ['--worker', '--root-usd', '/cpfs/user/zhuzihou/dev/ConvertAsset/docs/records/evidence/2026-07-14-aan-labutopia-vessel-interaction-profile/graduated_cylinder_03/package/asset.usd', '--request', '/cpfs/user/zhuzihou/dev/ConvertAsset/docs/records/evidence/2026-07-14-aan-labutopia-vessel-interaction-profile/graduated_cylinder_03/package/evidence/interaction_runtime_qualification/request.json', '--report-out', '/cpfs/user/zhuzihou/dev/ConvertAsset/docs/records/evidence/2026-07-14-aan-labutopia-vessel-interaction-profile/graduated_cylinder_03/package/evidence/interaction_runtime_qualification/report.json', '--expected-runtime-version', '4.1', '--process-exit-policy', 'os-exit']
Warp 1.2.1 initialized:
   CUDA Toolkit 11.8, Driver 12.8
   Devices:
     "cpu"      : "x86_64"
     "cuda:0"   : "NVIDIA GeForce RTX 4090" (44 GiB, sm_89, mempool enabled)
   Kernel cache:
     /root/.cache/warp/1.2.1
