[Warning] [omni.isaac.kit.simulation_app] Modules: ['omni.kit_app'] were loaded before SimulationApp was started and might not be loaded correctly.
[Warning] [omni.isaac.kit.simulation_app] Please check to make sure no extra omniverse or pxr modules are imported before the call to SimulationApp(...)
[Info] [carb] Logging to file: /cpfs/user/zhuzihou/conda-managed/envs/embodied-eval-os-isaacsim41-py310/lib/python3.10/site-packages/omni/logs/Kit/Isaac-Sim/4.1/kit_20260715_003932.log
2026-07-14 16:39:33 [0ms] [Warning] [omni.kit.app.plugin] No crash reporter present, dumps uploading isn't available.
[0.419s] [ext: omni.kit.async_engine-0.0.0] startup
[10.761s] [ext: omni.stats-1.0.1] startup
[10.773s] [ext: omni.client-1.1.0] startup
[10.925s] [ext: omni.datastore-0.0.0] startup
[10.936s] [ext: omni.blobkey-1.1.0] startup
[10.942s] [ext: omni.ujitso.default-1.0.0] startup
[10.955s] [ext: omni.hsscclient-0.0.0] startup
[10.969s] [ext: omni.rtx.shadercache.vulkan-1.0.0] startup
[10.997s] [ext: omni.assets.plugins-0.0.0] startup
[11.020s] [ext: omni.gpu_foundation-0.0.0] startup
[11.333s] [ext: carb.windowing.plugins-1.0.0] startup
2026-07-14 16:39:44 [11,225ms] [Warning] [carb.windowing-glfw.plugin] GLFW initialization failed.
2026-07-14 16:39:44 [11,225ms] [Warning] [carb] Failed to startup plugin carb.windowing-glfw.plugin (interfaces: [carb::windowing::IGLContext v1.0],[carb::windowing::IWindowing v1.4]) (impl: carb.windowing-glfw.plugin)
[11.344s] [ext: omni.kit.renderer.init-0.0.0] startup
2026-07-14 16:39:44 [11,373ms] [Warning] [omni.platforminfo.plugin] failed to open the default display.  Can't verify X Server version.

|---------------------------------------------------------------------------------------------|
| Driver Version: 570.153.02    | Graphics API: Vulkan
|=============================================================================================|
| GPU | Name                             | Active | LDA | GPU Memory | Vendor-ID | LUID       |
|     |                                  |        |     |            | Device-ID | UUID       |
|     |                                  |        |     |            | Bus-ID    |            |
|---------------------------------------------------------------------------------------------|
| 0   | NVIDIA GeForce RTX 4090          | Yes: 0 |     | 46314   MB | 10de      | 0          |
|     |                                  |        |     |            | 2684      | f12b8fdb.. |
|     |                                  |        |     |            | 8         |            |
|=============================================================================================|
| OS: 22.04.5 LTS (Jammy Jellyfish) ubuntu, Version: 22.04.5, Kernel: 5.10.134-17.3.al8.x86_64
| Processor: Intel(R) Xeon(R) Gold 6462C | Cores: 64 | Logical: 128
|---------------------------------------------------------------------------------------------|
| Total Memory (MB): 1031320 | Free Memory: 67393
| Total Page/Swap (MB): 0 | Free Page/Swap: 0
|---------------------------------------------------------------------------------------------|
2026-07-14 16:39:45 [12,327ms] [Warning] [gpu.foundation.plugin] ECC is enabled on physical device 0
2026-07-14 16:39:45 [12,329ms] [Warning] [gpu.foundation.plugin] IOMMU is enabled.
[12.618s] [ext: omni.kit.pipapi-0.0.0] startup
[12.622s] [ext: omni.kit.pip_archive-0.0.0] startup
[12.624s] [ext: omni.mtlx-0.1.0] startup
[12.628s] [ext: omni.usd.config-1.0.4] startup
[12.747s] [ext: omni.gpucompute.plugins-0.0.0] startup
[12.752s] [ext: omni.usd.libs-1.0.1] startup
[13.382s] [ext: omni.kit.telemetry-0.5.0] startup
[13.656s] [ext: omni.kit.loop-isaac-1.2.0] startup
[13.663s] [ext: omni.kit.test-0.0.0] startup
[13.972s] [ext: omni.appwindow-1.1.8] startup
2026-07-14 16:39:46 [13,859ms] [Warning] [carb.windowing-glfw.plugin] GLFW initialization failed.
2026-07-14 16:39:46 [13,859ms] [Warning] [carb] Failed to startup plugin carb.windowing-glfw.plugin (interfaces: [carb::windowing::IGLContext v1.0],[carb::windowing::IWindowing v1.4]) (impl: carb.windowing-glfw.plugin)
[13.988s] [ext: omni.kit.renderer.core-1.0.1] startup
2026-07-14 16:39:46 [13,927ms] [Warning] [carb.windowing-glfw.plugin] GLFW initialization failed.
2026-07-14 16:39:46 [13,927ms] [Warning] [carb] Failed to startup plugin carb.windowing-glfw.plugin (interfaces: [carb::windowing::IGLContext v1.0],[carb::windowing::IWindowing v1.4]) (impl: carb.windowing-glfw.plugin)
2026-07-14 16:39:47 [14,652ms] [Warning] [carb.windowing-glfw.plugin] GLFW initialization failed.
2026-07-14 16:39:47 [14,652ms] [Warning] [carb] Failed to startup plugin carb.windowing-glfw.plugin (interfaces: [carb::windowing::IGLContext v1.0],[carb::windowing::IWindowing v1.4]) (impl: carb.windowing-glfw.plugin)
[14.778s] [ext: omni.kit.renderer.capture-0.0.0] startup
[14.807s] [ext: omni.kit.renderer.imgui-1.0.1] startup
2026-07-14 16:39:47 [14,754ms] [Warning] [carb.windowing-glfw.plugin] GLFW initialization failed.
2026-07-14 16:39:47 [14,754ms] [Warning] [carb] Failed to startup plugin carb.windowing-glfw.plugin (interfaces: [carb::windowing::IGLContext v1.0],[carb::windowing::IWindowing v1.4]) (impl: carb.windowing-glfw.plugin)
2026-07-14 16:39:47 [14,756ms] [Warning] [carb.windowing-glfw.plugin] GLFW initialization failed.
2026-07-14 16:39:47 [14,756ms] [Warning] [carb] Failed to startup plugin carb.windowing-glfw.plugin (interfaces: [carb::windowing::IGLContext v1.0],[carb::windowing::IWindowing v1.4]) (impl: carb.windowing-glfw.plugin)
2026-07-14 16:39:47 [14,757ms] [Warning] [carb.windowing-glfw.plugin] GLFW initialization failed.
2026-07-14 16:39:47 [14,757ms] [Warning] [carb] Failed to startup plugin carb.windowing-glfw.plugin (interfaces: [carb::windowing::IGLContext v1.0],[carb::windowing::IWindowing v1.4]) (impl: carb.windowing-glfw.plugin)
[15.045s] [ext: omni.ui-2.23.11] startup
[15.076s] [ext: omni.kit.mainwindow-1.0.3] startup
[15.085s] [ext: carb.audio-0.1.0] startup
[15.099s] [ext: omni.uiaudio-1.0.0] startup
[15.142s] [ext: omni.kit.uiapp-0.0.0] startup
[15.143s] [ext: omni.usd.schema.audio-0.0.0] startup
[15.587s] [ext: omni.usd.schema.physx-106.0.20] startup
[15.681s] [ext: omni.usd.schema.forcefield-106.0.20] startup
[15.701s] [ext: omni.usd.schema.anim-0.0.0] startup
[15.794s] [ext: omni.usd.schema.omniscripting-1.0.0] startup
[15.814s] [ext: omni.usd.schema.omnigraph-1.0.0] startup
[15.839s] [ext: omni.anim.graph.schema-106.0.2] startup
[15.862s] [ext: omni.anim.navigation.schema-106.0.2] startup
[15.877s] [ext: omni.usd.schema.isaac-2.1.0] startup
[15.907s] [ext: omni.usd.schema.semantics-0.0.0] startup
[15.921s] [ext: omni.usd.schema.geospatial-0.0.0] startup
[15.934s] [ext: omni.usd.schema.scene.visualization-2.0.2] startup
[15.951s] [ext: omni.graph.exec-0.9.3] startup
[15.956s] [ext: omni.usd_resolver-1.0.0] startup
[15.994s] [ext: omni.activity.core-1.0.1] startup
[16.001s] [ext: omni.kit.usd_undo-0.1.8] startup
[16.004s] [ext: omni.kit.exec.core-0.13.2] startup
[16.032s] [ext: omni.usd.core-1.2.11] startup
[16.043s] [ext: omni.kit.actions.core-1.0.0] startup
[16.054s] [ext: omni.resourcemonitor-105.0.1] startup
[16.068s] [ext: omni.kit.window.popup_dialog-2.0.24] startup
[16.083s] [ext: omni.timeline-1.0.10] startup
[16.091s] [ext: omni.kit.commands-1.4.9] startup
[16.124s] [ext: usdrt.scenegraph-7.4.8] startup
[16.286s] [ext: omni.kit.widget.nucleus_connector-1.1.8] startup
[16.294s] [ext: omni.kit.audiodeviceenum-1.0.1] startup
[16.303s] [ext: omni.hydra.usdrt_delegate-7.4.7] startup
[16.347s] [ext: omni.hydra.scene_delegate-0.3.3] startup
[16.368s] [ext: omni.kit.collaboration.telemetry-1.0.0] startup
[16.374s] [ext: omni.usd-1.11.2] startup
[16.502s] [ext: omni.kit.collaboration.channel_manager-1.0.11] startup
[16.508s] [ext: omni.kit.usd.layers-2.1.31] startup
[16.543s] [ext: omni.kit.collaboration.presence_layer-1.0.8] startup
[16.553s] [ext: omni.kit.window.cursor-1.1.2] startup
[16.562s] [ext: omni.kit.menu.utils-1.5.27] startup
[16.617s] [ext: omni.iray.libs-0.0.0] startup
[16.946s] [ext: omni.kit.primitive.mesh-1.0.16] startup
[16.972s] [ext: omni.mdl.neuraylib-0.2.5] startup
[16.985s] [ext: omni.hydra.engine.stats-1.0.2] startup
[16.996s] [ext: omni.kit.widget.searchable_combobox-1.0.6] startup
[17.004s] [ext: omni.kit.widget.path_field-2.0.9] startup
[17.009s] [ext: omni.kit.clipboard-1.0.3] startup
[17.014s] [ext: omni.ujitso.processor.texture-1.0.0] startup
[17.020s] [ext: omni.kit.widget.browser_bar-2.0.10] startup
[17.027s] [ext: omni.kit.notification_manager-1.0.8] startup
[17.040s] [ext: omni.volume-0.5.0] startup
[17.066s] [ext: omni.ujitso.client-0.0.0] startup
[17.071s] [ext: omni.kit.helper.file_utils-0.1.8] startup
[17.079s] [ext: omni.kit.widget.nucleus_info-1.0.2] startup
[17.085s] [ext: omni.kit.widget.filebrowser-2.10.48] startup
[17.238s] [ext: omni.kit.search_core-1.0.5] startup
[17.245s] [ext: omni.kit.widget.options_menu-1.1.4] startup
[17.293s] [ext: omni.ui.scene-1.9.3] startup
[17.336s] [ext: omni.kit.widget.search_delegate-1.0.4] startup
[17.352s] [ext: omni.kit.widget.options_button-1.0.2] startup
[17.357s] [ext: omni.kit.widget.context_menu-1.2.1] startup
[17.365s] [ext: omni.kit.hotkeys.core-1.3.3] startup
[17.366s] [ext: omni.kit.window.filepicker-2.10.34] startup
[17.456s] [ext: omni.hydra.rtx-0.2.0] startup
[17.656s] [ext: omni.kit.context_menu-1.8.0] startup
[17.666s] [ext: omni.mdl-52.0.1] startup
[17.700s] [ext: omni.kit.window.file_importer-1.1.11] startup
[17.705s] [ext: omni.kit.raycast.query-1.0.5] startup
[17.721s] [ext: omni.kit.viewport.registry-104.0.6] startup
[17.725s] [ext: omni.kit.viewport.legacy_gizmos-1.0.15] startup
[17.734s] [ext: omni.kit.material.library-1.4.4] startup
[17.753s] [ext: omni.kit.window.file_exporter-1.0.29] startup
[17.760s] [ext: omni.kit.hydra_texture-1.2.6] startup
[17.779s] [ext: omni.kit.window.drop_support-1.0.2] startup
[17.783s] [ext: omni.kit.widget.viewport-106.0.3] startup
[17.807s] [ext: omni.kit.widget.filter-1.1.4] startup
[17.813s] [ext: omni.kit.viewport.window-106.0.8] startup
[17.873s] [ext: omni.kit.widget.settings-1.1.1] startup
[17.881s] [ext: omni.kit.widget.prompt-1.0.7] startup
[17.886s] [ext: omni.kit.viewport.utility-1.0.17] startup
[17.889s] [ext: omni.kit.window.preferences-1.5.3] startup
[17.991s] [ext: omni.kit.widget.live_session_management.ui-1.0.1] startup
[18.009s] [ext: omni.kit.viewport.actions-106.0.3] startup
[18.018s] [ext: omni.kit.widget.stage-2.10.26] startup
[18.075s] [ext: omni.kit.stage_template.core-1.1.21] startup
[18.079s] [ext: omni.kit.widget.live_session_management-1.2.18] startup
[18.094s] [ext: omni.kit.viewport.menubar.core-106.0.2] startup
[18.191s] [ext: omni.kit.manipulator.transform-104.7.5] startup
[18.501s] [ext: omni.kit.stage_templates-1.2.3] startup
[18.511s] [ext: omni.debugdraw-0.1.3] startup
[18.526s] [ext: omni.kit.viewport.menubar.display-106.0.2] startup
[18.534s] [ext: omni.kvdb-106.0.20] startup
[18.548s] [ext: omni.inspect-1.0.1] startup
[18.557s] [ext: omni.kit.window.file-1.3.52] startup
[18.570s] [ext: omni.kit.window.content_browser_registry-0.0.6] startup
[18.573s] [ext: omni.usdphysics-106.0.20] startup
[18.580s] [ext: omni.convexdecomposition-106.0.20] startup
[18.605s] [ext: omni.kit.window.content_browser-2.9.14] startup
[18.644s] [ext: omni.usdphysics.ui-106.0.20] startup
[18.682s] [ext: omni.localcache-106.0.20] startup
[18.700s] [ext: omni.physx.foundation-106.0.20] startup
[18.703s] [ext: omni.kit.widget.highlight_label-1.0.2] startup
[18.708s] [ext: omni.graph.core-2.170.3] startup
[18.748s] [ext: omni.kit.widget.searchfield-1.1.6] startup
[18.756s] [ext: omni.physx.cooking-106.0.20] startup
[18.916s] [ext: omni.kit.widget.text_editor-1.0.2] startup
[18.932s] [ext: omni.graph.image.core-0.3.2] startup
[18.939s] [ext: omni.kit.window.property-1.11.1] startup
[18.960s] [ext: omni.physx-106.0.20] startup
[19.031s] [ext: omni.kit.widget.toolbar-1.6.2] startup
[19.086s] [ext: omni.kit.property.usd-3.21.28] startup
[19.233s] [ext: omni.physx.stageupdate-106.0.20] startup
[19.254s] [ext: omni.physx.commands-106.0.20] startup
[19.267s] [ext: omni.kit.manipulator.tool.snap-1.4.5] startup
[19.309s] [ext: omni.graph.tools-1.78.0] startup
[19.428s] [ext: omni.physx.ui-106.0.20] startup
[19.508s] [ext: omni.graph-1.135.0] startup
[19.652s] [ext: omni.physx.demos-106.0.20] startup
[19.745s] [ext: omni.graph.image.nodes-1.0.2] startup
[19.754s] [ext: omni.graph.action_core-1.1.4] startup
[19.768s] [ext: omni.isaac.version-1.1.0] startup
[19.773s] [ext: omni.syntheticdata-0.6.7] startup
[19.906s] [ext: omni.physx.graph-106.0.20] startup
[19.967s] [ext: omni.isaac.nucleus-0.3.0] startup
[19.974s] [ext: omni.physx.telemetry-106.0.20] startup
[20.003s] [ext: omni.kit.manipulator.selector-1.1.1] startup
[20.011s] [ext: omni.ui_query-1.1.2] startup
[20.015s] [ext: omni.kit.widget.graph-1.12.8] startup
[20.041s] [ext: omni.kit.property.material-1.9.4] startup
[20.055s] [ext: omni.kit.window.extensions-1.4.9] startup
[20.087s] [ext: omni.kit.property.physx-106.0.20] startup
[20.231s] [ext: omni.graph.ui-1.70.0] startup
[20.312s] [ext: omni.physx.vehicle-106.0.20] startup
[20.398s] [ext: omni.kit.manipulator.viewport-107.0.0] startup
[20.406s] [ext: omni.kit.viewport.manipulator.transform-106.0.1] startup
[20.412s] [ext: omni.kit.ui_test-1.2.18] startup
[20.418s] [ext: omni.graph.action_nodes-1.23.0] startup
[20.433s] [ext: omni.physx.camera-106.0.20] startup
[20.464s] [ext: omni.fabric.commands-1.1.4] startup
[20.480s] [ext: omni.kit.manipulator.prim.core-107.0.3] startup
[20.513s] [ext: omni.physx.cct-106.0.20] startup
[20.562s] [ext: omni.graph.action-1.102.1] startup
[20.566s] [ext: omni.graph.nodes-1.143.0] startup
[20.671s] [ext: omni.graph.ui_nodes-1.25.1] startup
[20.695s] [ext: omni.kit.manipulator.prim.fabric-106.0.1] startup
[20.708s] [ext: omni.physics.tensors-106.0.20] startup
[20.742s] [ext: omni.kit.graph.delegate.default-1.2.2] startup
[20.763s] [ext: omni.kit.manipulator.prim.usd-106.0.1] startup
[20.773s] [ext: omni.graph.bundle.action-2.0.4] startup
[20.774s] [ext: omni.command.usd-1.0.3] startup
[20.778s] [ext: omni.physx.tensors-106.0.20] startup
[20.791s] [ext: omni.kit.graph.editor.core-1.5.3] startup
[20.810s] [ext: omni.kit.manipulator.prim-106.0.0] startup
[20.812s] [ext: omni.kit.manipulator.selection-104.0.9] startup
[20.822s] [ext: omni.kit.widget.layers-1.7.9] startup
[20.902s] [ext: omni.kit.window.toolbar-1.6.1] startup
[20.911s] [ext: omni.kit.graph.usd.commands-1.3.1] startup
[20.928s] [ext: omni.kit.widget.material_preview-1.0.16] startup
[20.962s] [ext: omni.physx.supportui-106.0.20] startup
[21.063s] [ext: omni.warp.core-1.2.1] startup
[21.293s] [ext: omni.kit.window.material_graph-1.8.15] startup
[21.544s] [ext: omni.kit.numpy.common-0.1.2] startup
[21.557s] [ext: omni.warp-1.2.1] startup
[21.573s] [ext: omni.sensors.tiled-0.0.4] startup
[21.580s] [ext: omni.physx.bundle-106.0.20] startup
[21.580s] [ext: omni.graph.scriptnode-1.19.1] startup
[21.587s] [ext: omni.isaac.dynamic_control-1.3.8] startup
[21.677s] [ext: omni.replicator.core-1.11.14] startup
2026-07-14 16:39:55 [22,350ms] [Warning] [omni.replicator.core.scripts.annotators] Annotator PostProcessDispatch is already registered, overwriting annotator template
[23.223s] [ext: omni.isaac.core-3.18.1] startup
[27.459s] [ext: omni.graph.visualization.nodes-2.1.1] startup
[27.484s] [ext: omni.isaac.core_nodes-1.16.1] startup
[27.536s] [ext: omni.isaac.cloner-0.8.1] startup
[27.543s] [ext: omni.isaac.ui-0.16.0] startup
[27.569s] [ext: omni.kit.graph.widget.variables-2.1.0] startup
[27.579s] [ext: omni.kit.graph.delegate.modern-1.10.6] startup
[27.589s] [ext: omni.isaac.wheeled_robots-2.3.3] startup
[27.637s] [ext: omni.isaac.gym-0.11.3] startup
[27.641s] [ext: omni.graph.window.core-1.109.0] startup
[27.689s] [ext: omni.isaac.debug_draw-1.1.0] startup
[27.710s] [ext: omni.isaac.block_world-1.0.0] startup
[27.718s] [ext: omni.graph.window.generic-1.24.0] startup
[27.736s] [ext: omni.isaac.menu-0.5.0] startup
[27.747s] [ext: omni.isaac.occupancy_map-1.0.2] startup
[27.788s] [ext: omni.importer.mjcf-1.1.1] startup
[27.855s] [ext: omni.graph.window.action-1.26.0] startup
[27.880s] [ext: omni.kit.widget.live-2.1.6] startup
[27.891s] [ext: omni.kit.actions.window-1.1.1] startup
[27.916s] [ext: omni.kit.ui.actions-1.0.1] startup
[27.923s] [ext: omni.kit.widget.cache_indicator-2.0.8] startup
[28.079s] [ext: omni.kit.hotkeys.window-1.4.5] startup
[28.128s] [ext: omni.kit.selection-0.1.4] startup
[28.135s] [ext: omni.kit.menu.common-1.1.5] startup
[28.145s] [ext: omni.sensors.nv.common-1.2.2-isaac] startup
[28.376s] [ext: omni.isaac.kit-1.13.0] startup
[28.376s] [ext: omni.kit.menu.edit-1.1.24] startup
[28.390s] [ext: omni.kit.menu.file-1.1.10] startup
[28.400s] [ext: omni.isaac.range_sensor-3.1.1] startup
[28.486s] [ext: omni.sensors.nv.materials-1.2.1-isaac] startup
[28.532s] [ext: omni.kit.property.audio-1.0.11] startup
[28.538s] [ext: omni.kit.widget.stage_icons-1.0.4] startup
[28.544s] [ext: omni.kit.property.geometry-1.3.0] startup
[28.557s] [ext: omni.kit.property.camera-1.0.6] startup
[28.563s] [ext: omni.sensors.nv.lidar-1.2.2-isaac] startup
[28.590s] [ext: omni.sensors.nv.wpm-1.2.1-isaac] startup
[28.621s] [ext: omni.hydra.scene_api-0.1.2] startup
[28.639s] [ext: omni.kit.window.stage-2.5.10] startup
[28.654s] [ext: omni.kit.property.render-1.1.1] startup
[28.660s] [ext: omni.kit.property.light-1.0.8] startup
[28.667s] [ext: omni.sensors.nv.radar-1.2.1-isaac] startup
[28.750s] [ext: omni.kit.property.transform-1.5.1] startup
[28.769s] [ext: omni.kit.menu.stage-1.2.5] startup
[28.777s] [ext: omni.kit.profiler.window-2.2.1] startup
2026-07-14 16:40:01 [28,683ms] [Warning] [omni.kit.profiler.window] remove _SpanInstance.__lt__ and use insort 'key' arg instead
[30.196s] [ext: omni.kit.property.bundle-1.2.11] startup
[30.209s] [ext: omni.kit.property.isaac-0.2.3] startup
[30.220s] [ext: omni.isaac.sensor-12.7.1] startup
[30.428s] [ext: omni.isaac.surface_gripper-1.0.1] startup
[30.444s] [ext: omni.kit.stage_column.payload-2.0.0] startup
[30.460s] [ext: omni.kit.property.layer-1.1.6] startup
[30.484s] [ext: omni.isaac.scene_blox-0.1.2] startup
[30.487s] [ext: omni.isaac.quadruped-1.4.5] startup
[30.525s] [ext: omni.isaac.manipulators-2.1.0] startup
[30.567s] [ext: omni.isaac.lula-3.0.1] startup
[30.653s] [ext: omni.kit.viewport.menubar.render-106.1.3] startup
[30.670s] [ext: omni.kit.viewport.menubar.settings-106.0.1] startup
[30.697s] [ext: omni.kit.viewport.menubar.camera-105.1.8] startup
[30.724s] [ext: omni.kit.manipulator.camera-105.0.5] startup
[30.741s] [ext: omni.isaac.motion_generation-7.1.0] startup
[30.786s] [ext: omni.kit.widget.calendar-1.0.8] startup
[30.796s] [ext: omni.kit.stage_column.variant-1.0.13] startup
[30.807s] [ext: omni.kit.viewport.bundle-104.0.1] startup
[30.808s] [ext: omni.isaac.universal_robots-0.3.5] startup
[30.813s] [ext: omni.kit.widget.extended_searchfield-1.0.28] startup
[30.851s] [ext: omni.kit.widget.timeline-105.0.1] startup
[30.868s] [ext: omni.kit.window.commands-0.2.5] startup
[30.879s] [ext: omni.kit.window.console-0.2.12] startup
[30.913s] [ext: omni.kit.window.script_editor-1.7.6] startup
[30.933s] [ext: omni.kit.menu.create-1.0.13] startup
[30.942s] [ext: omni.kit.window.status_bar-0.1.6] startup
[30.976s] [ext: omni.rtx.window.settings-0.6.16] startup
[30.999s] [ext: omni.isaac.franka-0.4.1] startup
[31.005s] [ext: omni.kit.window.title-1.1.3] startup
2026-07-14 16:40:03 [30,893ms] [Warning] [carb.windowing-glfw.plugin] GLFW initialization failed.
2026-07-14 16:40:03 [30,893ms] [Warning] [carb] Failed to startup plugin carb.windowing-glfw.plugin (interfaces: [carb::windowing::IGLContext v1.0],[carb::windowing::IWindowing v1.4]) (impl: carb.windowing-glfw.plugin)
2026-07-14 16:40:03 [30,908ms] [Warning] [omni.log] Source: omni.structuredlog.plugin was already registered.
2026-07-14 16:40:03 [30,909ms] [Warning] [carb.windowing-glfw.plugin] GLFW initialization failed.
2026-07-14 16:40:03 [30,909ms] [Warning] [carb] Failed to startup plugin carb.windowing-glfw.plugin (interfaces: [carb::windowing::IGLContext v1.0],[carb::windowing::IWindowing v1.4]) (impl: carb.windowing-glfw.plugin)
[31.030s] [ext: omni.replicator.isaac-1.15.0] startup
[31.350s] [ext: omni.replicator.replicator_yaml-2.0.5] startup
[31.481s] [ext: omni.rtx.settings.core-0.6.0] startup
[31.533s] [ext: omni.isaac.cortex-0.3.8] startup
[31.549s] [ext: omni.kit.viewport.menubar.lighting-106.0.2] startup
[31.568s] [ext: semantics.schema.editor-0.3.6] startup
[31.581s] [ext: semantics.schema.property-1.0.3] startup
[31.588s] [ext: omni.kit.viewport.rtx-104.0.1] startup
[31.588s] [ext: omni.isaac.utils-1.0.1] startup
[31.604s] [ext: omni.isaac.cortex.sample_behaviors-1.0.5] startup
[31.608s] [ext: omni.importer.urdf-1.14.1] startup
[31.688s] [ext: omni.kit.window.stats-0.1.6] startup
[31.697s] [ext: omni.isaac.sim.python-4.1.0] startup
[31.701s] Simulation App Starting
2026-07-14 16:40:05 [32,386ms] [Warning] [rtx.neuraylib.plugin] [IRAY:RENDER]   1.1   IRAY   rend warn : CUDA device 0 (NVIDIA GeForce RTX 4090): ECC is enabled, this will reduce rendering performance (it is strongly recommended to disable ECC with iray)
[35.024s] app ready
Starting kit application with the following args:  ['/cpfs/user/zhuzihou/conda-managed/envs/embodied-eval-os-isaacsim41-py310/lib/python3.10/site-packages/isaacsim/exts/omni.isaac.kit/omni/isaac/kit/simulation_app.py', '/cpfs/user/zhuzihou/conda-managed/envs/embodied-eval-os-isaacsim41-py310/lib/python3.10/site-packages/isaacsim/apps/omni.isaac.sim.python.kit', '--/app/tokens/exe-path=/cpfs/user/zhuzihou/conda-managed/envs/embodied-eval-os-isaacsim41-py310/lib/python3.10/site-packages/omni', '--/persistent/app/viewport/displayOptions=3094', '--/rtx/materialDb/syncLoads=True', '--/rtx/hydra/materialSyncLoads=True', '--/omni.kit.plugin/syncUsdLoads=True', '--/app/renderer/resolution/width=1280', '--/app/renderer/resolution/height=720', '--/app/window/width=1440', '--/app/window/height=900', '--/renderer/multiGpu/enabled=False', '--/app/fastShutdown=True', '--ext-folder', '/cpfs/user/zhuzihou/conda-managed/envs/embodied-eval-os-isaacsim41-py310/lib/python3.10/site-packages/isaacsim/exts', '--ext-folder', '/cpfs/user/zhuzihou/conda-managed/envs/embodied-eval-os-isaacsim41-py310/lib/python3.10/site-packages/isaacsim/apps', '--/physics/cudaDevice=0', '--portable', '--no-window', '--/app/window/hideUi=1', '--allow-root']
Passing the following args to the base kit application:  ['--worker', '--root-usd', 'docs/records/evidence/2026-07-14-aan-labutopia-vessel-interaction-profile/conical_bottle03/package/asset.usd', '--report-out', 'docs/records/evidence/2026-07-14-aan-labutopia-vessel-interaction-profile/conical_bottle03/package/evidence/runtime_smoke/report.json', '--render-out', 'docs/records/evidence/2026-07-14-aan-labutopia-vessel-interaction-profile/conical_bottle03/package/evidence/runtime_smoke/render.png', '--material-view-dir', 'docs/records/evidence/2026-07-14-aan-labutopia-vessel-interaction-profile/conical_bottle03/package/evidence/runtime_smoke/material_views', '--asset-id', 'LabUtopia_conical_bottle03', '--run-id', 'd5423271b8d9466d8c8147f8f53bbf84', '--expected-root-usd-sha256', '0eec5db987352912f60c97fa9cffcdc4574d89c81b6290610c19e114cb3add17', '--width', '256', '--height', '192', '--warmup-steps', '4', '--render-steps', '4', '--step-frames', '120', '--reset-cycles', '2', '--reset-tolerance-m', '0.001', '--expected-runtime-version', '4.1', '--process-exit-policy', 'os-exit', '--required-prim', '/World/conical_bottle03', '--asset-scope-prim', '/World/conical_bottle03']
Warp 1.2.1 initialized:
   CUDA Toolkit 11.8, Driver 12.8
   Devices:
     "cpu"      : "x86_64"
     "cuda:0"   : "NVIDIA GeForce RTX 4090" (44 GiB, sm_89, mempool enabled)
   Kernel cache:
     /root/.cache/warp/1.2.1
[render-single] HDRI environment loaded: /cpfs/user/zhuzihou/conda-managed/envs/embodied-eval-os-isaacsim41-py310/lib/python3.10/site-packages/isaacsim/extscache/omni.kit.widget.material_preview-1.0.16/data/photo_studio_01_4k.hdr
