[Info] [carb] Logging to file: /isaac-sim/kit/logs/Kit/Isaac-Sim Python/4.5/kit_20260702_151600.log
2026-07-02 07:16:00 [0ms] [Warning] [omni.kit.app.plugin] No crash reporter present, dumps uploading isn't available.
[0.038s] [ext: omni.kit.async_engine-0.0.1] startup
[0.459s] [ext: omni.metrics.core-0.0.1] startup
[0.459s] [ext: omni.client.lib-1.0.0] startup
[0.483s] [ext: omni.blobkey-1.1.2] startup
[0.484s] [ext: omni.stats-1.0.1] startup
[0.484s] [ext: omni.datastore-0.0.0] startup
[0.490s] [ext: omni.client-1.2.2] startup
[0.495s] [ext: omni.ujitso.default-1.0.0] startup
[0.496s] [ext: omni.hsscclient-1.1.1] startup
2026-07-02 07:16:00 [488ms] [Warning] [omni.datastore] OmniHub is inaccessible
[0.500s] [ext: omni.gpu_foundation.shadercache.vulkan-1.0.0] startup
[0.502s] [ext: omni.assets.plugins-0.0.0] startup
[0.503s] [ext: omni.gpu_foundation-0.0.0] startup
[0.509s] [ext: carb.windowing.plugins-1.0.0] startup
2026-07-02 07:16:00 [500ms] [Warning] [carb.windowing-glfw.plugin] GLFW initialization failed.
2026-07-02 07:16:00 [500ms] [Warning] [carb] Failed to startup plugin carb.windowing-glfw.plugin (interfaces: [carb::windowing::IGLContext v1.0],[carb::windowing::IWindowing v1.5]) (impl: carb.windowing-glfw.plugin)
[0.509s] [ext: omni.kit.renderer.init-0.0.0] startup
2026-07-02 07:16:00 [534ms] [Warning] [omni.platforminfo.plugin] failed to open the default display.  Can't verify X Server version.

|---------------------------------------------------------------------------------------------|
| Driver Version: 570.153.02    | Graphics API: Vulkan
|=============================================================================================|
| GPU | Name                             | Active | LDA | GPU Memory | Vendor-ID | LUID       |
|     |                                  |        |     |            | Device-ID | UUID       |
|     |                                  |        |     |            | Bus-ID    |            |
|---------------------------------------------------------------------------------------------|
| 0   | NVIDIA GeForce RTX 4090          | Yes: 0 |     | 46314   MB | 10de      | 0          |
|     |                                  |        |     |            | 2684      | f12b8fdb.. |
|     |                                  |        |     |            | 8         |            |
|=============================================================================================|
| OS: 22.04.5 LTS (Jammy Jellyfish) ubuntu, Version: 22.04.5, Kernel: 5.10.134-17.3.al8.x86_64
| Processor: Intel(R) Xeon(R) Gold 6462C
| Bare Metal Cores: 64 | Bare Metal Logical Cores: 128
| Available Cores:  30 | Core Usage Quota: 14
|---------------------------------------------------------------------------------------------|
| Total Memory (MB): 102400 | Free Memory: 8675
| Total Page/Swap (MB): 0 | Free Page/Swap: 0
|---------------------------------------------------------------------------------------------|
2026-07-02 07:16:01 [1,167ms] [Warning] [gpu.foundation.plugin] ECC is enabled on physical device 0
2026-07-02 07:16:01 [1,168ms] [Warning] [gpu.foundation.plugin] IOMMU is enabled.
[1.366s] [ext: omni.kit.pipapi-0.0.0] startup
[1.368s] [ext: omni.kit.pip_archive-0.0.0] startup
[1.368s] [ext: omni.pip.compute-1.4.5] startup
[1.368s] [ext: omni.materialx.libs-1.0.6] startup
[1.376s] [ext: omni.kit.telemetry-0.5.1] startup
[1.397s] [ext: omni.pip.cloud-1.1.7] startup
[1.401s] [ext: omni.isaac.core_archive-2.3.3] startup
[1.401s] [ext: omni.usd.config-1.0.5] startup
[1.406s] [ext: omni.gpucompute.plugins-0.0.0] startup
[1.406s] [ext: omni.usd.libs-1.0.1] startup
[1.485s] [ext: omni.isaac.ml_archive-2.1.2] startup
[1.486s] [ext: omni.mdl-55.0.1] startup
[1.510s] [ext: omni.iray.libs-0.0.0] startup
[1.515s] [ext: omni.mdl.neuraylib-0.2.10] startup
[1.517s] [ext: omni.kit.usd.mdl-1.0.7] startup
[1.612s] [ext: omni.kit.loop-isaac-1.2.1] startup
[1.613s] [ext: omni.kit.test-1.1.2] startup
[1.661s] [ext: omni.appwindow-1.1.9] startup
2026-07-02 07:16:02 [1,654ms] [Warning] [carb.windowing-glfw.plugin] GLFW initialization failed.
2026-07-02 07:16:02 [1,654ms] [Warning] [carb] Failed to startup plugin carb.windowing-glfw.plugin (interfaces: [carb::windowing::IGLContext v1.0],[carb::windowing::IWindowing v1.5]) (impl: carb.windowing-glfw.plugin)
[1.664s] [ext: omni.kit.renderer.core-1.0.2] startup
2026-07-02 07:16:02 [1,670ms] [Warning] [carb.windowing-glfw.plugin] GLFW initialization failed.
2026-07-02 07:16:02 [1,670ms] [Warning] [carb] Failed to startup plugin carb.windowing-glfw.plugin (interfaces: [carb::windowing::IGLContext v1.0],[carb::windowing::IWindowing v1.5]) (impl: carb.windowing-glfw.plugin)
2026-07-02 07:16:02 [1,678ms] [Warning] [carb.windowing-glfw.plugin] GLFW initialization failed.
2026-07-02 07:16:02 [1,678ms] [Warning] [carb] Failed to startup plugin carb.windowing-glfw.plugin (interfaces: [carb::windowing::IGLContext v1.0],[carb::windowing::IWindowing v1.5]) (impl: carb.windowing-glfw.plugin)
[1.688s] [ext: omni.kit.renderer.capture-0.0.0] startup
[1.690s] [ext: omni.kit.renderer.imgui-1.0.2] startup
2026-07-02 07:16:02 [1,684ms] [Warning] [carb.windowing-glfw.plugin] GLFW initialization failed.
2026-07-02 07:16:02 [1,684ms] [Warning] [carb] Failed to startup plugin carb.windowing-glfw.plugin (interfaces: [carb::windowing::IGLContext v1.0],[carb::windowing::IWindowing v1.5]) (impl: carb.windowing-glfw.plugin)
2026-07-02 07:16:02 [1,685ms] [Warning] [carb.windowing-glfw.plugin] GLFW initialization failed.
2026-07-02 07:16:02 [1,685ms] [Warning] [carb] Failed to startup plugin carb.windowing-glfw.plugin (interfaces: [carb::windowing::IGLContext v1.0],[carb::windowing::IWindowing v1.5]) (impl: carb.windowing-glfw.plugin)
2026-07-02 07:16:02 [1,686ms] [Warning] [carb.windowing-glfw.plugin] GLFW initialization failed.
2026-07-02 07:16:02 [1,686ms] [Warning] [carb] Failed to startup plugin carb.windowing-glfw.plugin (interfaces: [carb::windowing::IGLContext v1.0],[carb::windowing::IWindowing v1.5]) (impl: carb.windowing-glfw.plugin)
[1.752s] [ext: omni.ui-2.26.5] startup
[1.761s] [ext: omni.kit.mainwindow-1.0.3] startup
[1.762s] [ext: carb.audio-0.1.0] startup
[1.765s] [ext: omni.uiaudio-1.0.0] startup
[1.765s] [ext: omni.kit.uiapp-0.0.0] startup
[1.765s] [ext: omni.usd.schema.metrics.assembler-106.5.0] startup
[1.773s] [ext: omni.usd.schema.anim-0.0.0] startup
[1.792s] [ext: omni.usd.schema.isaac-3.0.2] startup
[1.792s] [ext: omni.usd.schema.geospatial-0.0.0] startup
[1.794s] [ext: omni.usd.schema.physx-106.5.7] startup
[1.821s] [ext: omni.usd.schema.audio-0.0.0] startup
[1.824s] [ext: omni.usd.schema.semantics-0.0.0] startup
[1.826s] [ext: omni.usd_resolver-1.0.0] startup
[1.829s] [ext: usdrt.scenegraph-7.5.1] startup
[1.865s] [ext: omni.kit.actions.core-1.0.0] startup
[1.867s] [ext: omni.timeline-1.0.11] startup
[1.869s] [ext: omni.usd.core-1.4.2] startup
[1.871s] [ext: omni.resourcemonitor-107.0.0] startup
[1.873s] [ext: omni.activity.core-1.0.1] startup
[1.874s] [ext: omni.kit.audiodeviceenum-1.0.1] startup
[1.875s] [ext: omni.hydra.usdrt_delegate-7.5.1] startup
[1.884s] [ext: omni.graph.exec-0.9.4] startup
[1.884s] [ext: omni.kit.window.popup_dialog-2.0.24] startup
[1.888s] [ext: omni.kit.exec.core-0.13.4] startup
[1.890s] [ext: omni.kit.widget.nucleus_connector-1.1.10] startup
[1.891s] [ext: omni.kit.usd_undo-0.1.8] startup
[1.892s] [ext: omni.kit.commands-1.4.9] startup
[1.895s] [ext: omni.hydra.scene_delegate-0.3.3] startup
[1.899s] [ext: omni.usd-1.12.4] startup
[1.944s] [ext: omni.kit.asset_converter-2.8.3] startup
[1.955s] [ext: omni.usd.schema.omniscripting-1.0.0] startup
[1.959s] [ext: omni.usd.schema.omnigraph-1.0.0] startup
[1.965s] [ext: omni.usd.schema.forcefield-106.5.7] startup
[1.970s] [ext: isaacsim.robot.schema-3.1.2] startup
[1.977s] [ext: omni.inspect-1.0.1] startup
[1.978s] [ext: omni.kit.notification_manager-1.0.9] startup
[1.980s] [ext: omni.graph.core-2.181.8] startup
[1.982s] [ext: isaacsim.core.deprecation_manager-0.2.2] startup
[1.983s] [ext: omni.index.libs-380600.1777.0] startup
[1.983s] [ext: omni.ujitso.processor.texture-1.0.0] startup
[1.984s] [ext: omni.index-1.0.1] startup
[1.984s] [ext: omni.kit.widget.path_field-2.0.11] startup
[1.985s] [ext: omni.volume-0.5.0] startup
[1.990s] [ext: omni.ujitso.client-0.0.0] startup
[1.991s] [ext: omni.hydra.rtx.shadercache.vulkan-1.0.0] startup
[1.992s] [ext: omni.kit.widget.browser_bar-2.0.10] startup
[1.992s] [ext: omni.kit.clipboard-1.0.5] startup
[1.993s] [ext: omni.hydra.rtx-1.0.0] startup
2026-07-02 07:16:02 [1,991ms] [Warning] [omni.log] Source: omni.hydra was already registered.
[2.011s] [ext: omni.kit.viewport.registry-104.0.6] startup
[2.012s] [ext: omni.kit.helper.file_utils-0.1.9] startup
[2.013s] [ext: omni.kit.widget.options_menu-1.1.6] startup
[2.016s] [ext: omni.kit.menu.core-1.1.2] startup
[2.016s] [ext: omni.kit.widget.filebrowser-2.10.52] startup
[2.020s] [ext: omni.ui.scene-1.11.2] startup
[2.024s] [ext: omni.kit.widget.options_button-1.0.3] startup
[2.025s] [ext: omni.kit.widget.context_menu-1.2.4] startup
[2.026s] [ext: omni.kit.viewport.legacy_gizmos-1.0.16] startup
[2.028s] [ext: omni.kit.usd.layers-2.2.0] startup
[2.035s] [ext: omni.kit.window.filepicker-2.11.7] startup
[2.046s] [ext: omni.kit.hydra_texture-1.4.0] startup
[2.049s] [ext: omni.kit.viewport.scene_camera_model-1.0.5] startup
[2.052s] [ext: omni.kit.context_menu-1.8.3] startup
[2.054s] [ext: omni.kit.window.file_importer-1.1.14] startup
[2.056s] [ext: omni.kit.menu.utils-1.7.7] startup
[2.062s] [ext: omni.kit.widget.viewport-107.0.7] startup
[2.066s] [ext: omni.kit.window.drop_support-1.0.4] startup
[2.066s] [ext: omni.kit.raycast.query-1.0.5] startup
[2.070s] [ext: omni.kit.material.library-1.5.15] startup
[2.075s] [ext: omni.hydra.engine.stats-1.0.3] startup
[2.078s] [ext: omni.kit.viewport.window-107.0.8] startup
[2.096s] [ext: omni.warp.core-1.5.0] startup
[2.313s] [ext: omni.kit.viewport.utility-1.0.18] startup
[2.314s] [ext: omni.kit.hotkeys.core-1.3.10] startup
[2.315s] [ext: omni.kit.widget.prompt-1.0.7] startup
[2.316s] [ext: omni.kit.usd.collect-2.2.22] startup
[2.318s] [ext: omni.kit.window.content_browser_registry-0.0.6] startup
[2.318s] [ext: omni.graph.tools-1.79.1] startup
[2.338s] [ext: omni.kit.window.file_exporter-1.0.31] startup
[2.339s] [ext: omni.kit.stage_template.core-1.1.22] startup
[2.340s] [ext: omni.graph.image.core-0.6.0] startup
[2.341s] [ext: omni.graph.action_core-1.1.7] startup
[2.344s] [ext: omni.graph-1.140.2] startup
[2.381s] [ext: omni.kit.window.file-1.3.57] startup
[2.384s] [ext: omni.kit.widget.filter-1.1.4] startup
[2.386s] [ext: omni.graph.image.nodes-1.3.0] startup
[2.388s] [ext: omni.graph.action_nodes-1.40.1] startup
[2.392s] [ext: omni.kit.window.content_browser-2.10.3] startup
[2.416s] [ext: omni.kvdb-106.5.7] startup
[2.419s] [ext: omni.graph.action-1.120.0] startup
[2.420s] [ext: omni.kit.tool.collect-2.2.16] startup
[2.427s] [ext: omni.graph.nodes-1.162.1] startup
[2.449s] [ext: omni.kit.widget.searchfield-1.1.8] startup
[2.459s] [ext: omni.localcache-106.5.7] startup
[2.462s] [ext: omni.convexdecomposition-106.5.7] startup
[2.467s] [ext: omni.kit.widget.stage_icons-1.0.6] startup
[2.468s] [ext: omni.kit.widget.stage-2.11.6] startup
[2.478s] [ext: omni.usdphysics-106.5.7] startup
[2.481s] [ext: omni.physx.foundation-106.5.7] startup
[2.483s] [ext: omni.physics.tensors-106.5.7] startup
[2.491s] [ext: omni.kit.window.stage-2.5.11] startup
[2.494s] [ext: omni.kit.property.adapter.core-1.0.2] startup
[2.497s] [ext: omni.physx.cooking-106.5.7] startup
[2.505s] [ext: omni.kit.widget.zoombar-1.0.5] startup
[2.506s] [ext: omni.kit.widget.highlight_label-1.0.3] startup
[2.507s] [ext: omni.kit.property.adapter.usd-1.0.2] startup
[2.508s] [ext: omni.kit.property.adapter.fabric-1.0.3] startup
[2.509s] [ext: omni.physx-106.5.7] startup
[2.522s] [ext: omni.kit.browser.core-2.3.11] startup
[2.526s] [ext: omni.kit.window.property-1.11.5] startup
[2.528s] [ext: omni.kit.widget.text_editor-1.0.2] startup
[2.530s] [ext: omni.kit.property.usd-4.2.16] startup
[2.539s] [ext: omni.physx.tensors-106.5.7] startup
[2.545s] [ext: omni.kit.menu.stage-1.2.5] startup
[2.546s] [ext: omni.kit.browser.folder.core-1.10.1] startup
[2.551s] [ext: omni.warp-1.5.0] startup
[2.557s] [ext: isaacsim.examples.browser-0.1.8] startup
[2.562s] [ext: omni.physx.stageupdate-106.5.7] startup
[2.566s] [ext: omni.kit.numpy.common-0.1.2] startup
[2.568s] [ext: isaacsim.core.version-2.0.2] startup
[2.569s] [ext: omni.isaac.dynamic_control-1.3.15] startup
2026-07-02 07:16:02 [2,567ms] [Warning] [omni.isaac.dynamic_control] omni.isaac.dynamic_control is deprecated as of Isaac Sim 4.5. No action is needed from end-users.
[2.577s] [ext: isaacsim.storage.native-1.0.6] startup
[2.594s] [ext: omni.kit.menu.create-1.0.17] startup
[2.599s] [ext: isaacsim.core.utils-2.2.8] startup
[2.608s] [ext: omni.kit.widget.searchable_combobox-1.0.6] startup
[2.613s] [ext: omni.kit.primitive.mesh-1.0.17] startup
[2.644s] [ext: isaacsim.core.simulation_manager-0.3.3] startup
[3.892s] [ext: omni.kit.scripting-106.5.2] startup
[3.901s] [ext: omni.kit.stage_templates-1.2.6] startup
[3.905s] [ext: isaacsim.core.prims-0.3.7] startup
[3.924s] [ext: isaacsim.replicator.behavior-1.0.8] startup
[3.926s] [ext: isaacsim.core.api-4.2.16] startup
[3.936s] [ext: omni.ui_query-1.1.7] startup
[3.938s] [ext: omni.kit.manipulator.viewport-107.0.1] startup
[3.940s] [ext: omni.kit.ui_test-1.3.3] startup
[3.942s] [ext: omni.kit.window.extensions-1.4.25] startup
[3.948s] [ext: omni.graph.visualization.nodes-2.1.1] startup
[3.956s] [ext: omni.kit.tool.asset_importer-2.12.2] startup
[3.978s] [ext: isaacsim.gui.components-1.0.9] startup
[3.986s] [ext: omni.kit.widget.settings-1.2.2] startup
[3.990s] [ext: omni.kit.widget.graph-1.12.17] startup
[3.996s] [ext: omni.kit.window.preferences-1.7.0] startup
[4.003s] [ext: omni.kit.graph.delegate.default-1.2.2] startup
[4.004s] [ext: omni.kit.viewport.menubar.core-107.1.2] startup
[4.018s] [ext: omni.kit.widget.material_preview-1.0.16] startup
[4.020s] [ext: omni.kit.graph.usd.commands-1.3.1] startup
[4.022s] [ext: omni.kit.graph.editor.core-1.5.3] startup
[4.024s] [ext: omni.syntheticdata-0.6.10] startup
[4.051s] [ext: omni.kit.window.material_graph-1.8.19] startup
[4.086s] [ext: omni.graph.scriptnode-1.40.1] startup
[4.088s] [ext: isaacsim.core.cloner-1.3.4] startup
[4.090s] [ext: omni.replicator.core-1.11.35] startup
2026-07-02 07:16:04 [4,197ms] [Warning] [omni.replicator.core.scripts.extension] No material configuration file, adding configuration to material settings directly.
[4.208s] [ext: omni.isaac.cloner-1.0.2] startup
2026-07-02 07:16:04 [4,202ms] [Warning] [omni.isaac.cloner] omni.isaac.cloner has been deprecated in favor of isaacsim.core.cloner. Please update your code accordingly.
[4.211s] [ext: isaacsim.core.nodes-2.1.4] startup
[4.220s] [ext: isaacsim.asset.importer.urdf-2.3.10] startup
[4.369s] [ext: omni.isaac.core-4.0.3] startup
2026-07-02 07:16:04 [4,364ms] [Warning] [omni.isaac.core.physics_context.physics_context] omni.isaac.core.physics_context.physics_context has been deprecated in favor of isaacsim.core.api.physics_context.physics_context. Please update your code accordingly.
2026-07-02 07:16:04 [4,365ms] [Warning] [omni.isaac.core.simulation_context.simulation_context] omni.isaac.core.simulation_context.simulation_context has been deprecated in favor of isaacsim.core.api.simulation_context.simulation_context. Please update your code accordingly.
2026-07-02 07:16:04 [4,369ms] [Warning] [omni.isaac.core.world.world] omni.isaac.core.world.world has been deprecated in favor of isaacsim.core.api.world.world. Please update your code accordingly.
2026-07-02 07:16:04 [4,369ms] [Warning] [omni.isaac.core] omni.isaac.core has been deprecated in favor of isaacsim.core.api. Please update your code accordingly.
[4.382s] [ext: omni.isaac.core_nodes-2.0.2] startup
2026-07-02 07:16:04 [4,381ms] [Warning] [omni.isaac.core_nodes] omni.isaac.core_nodes has been deprecated in favor of isaacsim.core.nodes. Please update your code accordingly.
[4.390s] [ext: omni.anim.curve.core-1.2.0] startup
[4.414s] [ext: isaacsim.robot_motion.lula-4.0.4] startup
[4.426s] [ext: isaacsim.asset.importer.mjcf-2.3.3] startup
[4.439s] [ext: isaacsim.robot_motion.motion_generation-8.0.6] startup
[4.462s] [ext: isaacsim.asset.browser-1.3.4] startup
[4.563s] [ext: isaacsim.robot.surface_gripper-2.0.6] startup
[4.567s] [ext: omni.kit.selection-0.1.5] startup
[4.570s] [ext: isaacsim.robot_motion.lula_test_widget-1.0.5] startup
[4.575s] [ext: omni.isaac.assets_check-0.3.9] startup
2026-07-02 07:16:04 [4,568ms] [Warning] [omni.isaac.assets_check] omni.isaac.assets_check has been deprecated in favor of isaacsim.asset.browser. Please update your code accordingly.
[4.577s] [ext: isaacsim.robot.manipulators-3.0.4] startup
[4.584s] [ext: isaacsim.sensors.physics-0.3.5] startup
[4.593s] [ext: isaacsim.gui.menu-2.0.9] startup
[4.615s] [ext: omni.isaac.lula_test_widget-1.0.2] startup
2026-07-02 07:16:04 [4,608ms] [Warning] [omni.isaac.lula_test_widget] omni.isaac.lula_test_widget has been deprecated in favor of isaacsim.robot_motion.lula_test_widget. Please update your code accordingly.
[4.617s] [ext: omni.sensors.nv.common-2.5.0-coreapi] startup
[4.629s] [ext: omni.isaac.manipulators-3.0.3] startup
2026-07-02 07:16:05 [4,621ms] [Warning] [omni.isaac.manipulators] omni.isaac.manipulators has been deprecated in favor of isaacsim.robot.manipulators. Please update your code accordingly.
2026-07-02 07:16:05 [4,621ms] [Warning] [omni.isaac.manipulators.controllers] omni.isaac.manipulators has been deprecated in favor of isaacsim.robot.manipulators. Please update your code accordingly.
2026-07-02 07:16:05 [4,621ms] [Warning] [omni.isaac.manipulators.controllers.pick_place_controller] omni.isaac.manipulators has been deprecated in favor of isaacsim.robot.manipulators. Please update your code accordingly.
2026-07-02 07:16:05 [4,622ms] [Warning] [omni.isaac.manipulators.controllers.stacking_controller] omni.isaac.manipulators has been deprecated in favor of isaacsim.robot.manipulators. Please update your code accordingly.
2026-07-02 07:16:05 [4,622ms] [Warning] [omni.isaac.manipulators.grippers] omni.isaac.manipulators has been deprecated in favor of isaacsim.robot.manipulators. Please update your code accordingly.
2026-07-02 07:16:05 [4,622ms] [Warning] [omni.isaac.manipulators.grippers.gripper] omni.isaac.manipulators has been deprecated in favor of isaacsim.robot.manipulators. Please update your code accordingly.
2026-07-02 07:16:05 [4,622ms] [Warning] [omni.isaac.manipulators.grippers.parallel_gripper] omni.isaac.manipulators has been deprecated in favor of isaacsim.robot.manipulators. Please update your code accordingly.
2026-07-02 07:16:05 [4,622ms] [Warning] [omni.isaac.manipulators.grippers.surface_gripper] omni.isaac.manipulators has been deprecated in favor of isaacsim.robot.manipulators. Please update your code accordingly.
2026-07-02 07:16:05 [4,622ms] [Warning] [omni.isaac.manipulators.manipulators] omni.isaac.manipulators has been deprecated in favor of isaacsim.robot.manipulators. Please update your code accordingly.
2026-07-02 07:16:05 [4,622ms] [Warning] [omni.isaac.manipulators.manipulators.single_manipulator] omni.isaac.manipulators has been deprecated in favor of isaacsim.robot.manipulators. Please update your code accordingly.
[4.631s] [ext: isaacsim.robot.policy.examples-4.0.3] startup
[4.634s] [ext: omni.isaac.menu-1.0.2] startup
2026-07-02 07:16:05 [4,627ms] [Warning] [omni.isaac.menu] omni.isaac.menu has been deprecated in favor of isaacsim.gui.menu. Please update your code accordingly.
[4.636s] [ext: omni.isaac.motion_generation-8.0.2] startup
2026-07-02 07:16:05 [4,629ms] [Warning] [omni.isaac.motion_generation] omni.isaac.motion_generation has been deprecated in favor of isaacsim.robot_motion.motion_generation. Please update your code accordingly.
2026-07-02 07:16:05 [4,629ms] [Warning] [omni.isaac.motion_generation.articulation_kinematics_solver] omni.isaac.motion_generation has been deprecated in favor of isaacsim.robot_motion.motion_generation. Please update your code accordingly.
2026-07-02 07:16:05 [4,629ms] [Warning] [omni.isaac.motion_generation.articulation_motion_policy] omni.isaac.motion_generation has been deprecated in favor of isaacsim.robot_motion.motion_generation. Please update your code accordingly.
2026-07-02 07:16:05 [4,629ms] [Warning] [omni.isaac.motion_generation.articulation_trajectory] omni.isaac.motion_generation has been deprecated in favor of isaacsim.robot_motion.motion_generation. Please update your code accordingly.
2026-07-02 07:16:05 [4,631ms] [Warning] [omni.isaac.motion_generation.kinematics_interface] omni.isaac.motion_generation has been deprecated in favor of isaacsim.robot_motion.motion_generation. Please update your code accordingly.
2026-07-02 07:16:05 [4,631ms] [Warning] [omni.isaac.motion_generation.lula] omni.isaac.motion_generation has been deprecated in favor of isaacsim.robot_motion.motion_generation. Please update your code accordingly.
2026-07-02 07:16:05 [4,631ms] [Warning] [omni.isaac.motion_generation.lula.kinematics] omni.isaac.motion_generation has been deprecated in favor of isaacsim.robot_motion.motion_generation. Please update your code accordingly.
2026-07-02 07:16:05 [4,631ms] [Warning] [omni.isaac.motion_generation.lula.motion_policies] omni.isaac.motion_generation has been deprecated in favor of isaacsim.robot_motion.motion_generation. Please update your code accordingly.
2026-07-02 07:16:05 [4,631ms] [Warning] [omni.isaac.motion_generation.lula.path_planners] omni.isaac.motion_generation has been deprecated in favor of isaacsim.robot_motion.motion_generation. Please update your code accordingly.
2026-07-02 07:16:05 [4,632ms] [Warning] [omni.isaac.motion_generation.lula.trajectory_generator] omni.isaac.motion_generation has been deprecated in favor of isaacsim.robot_motion.motion_generation. Please update your code accordingly.
2026-07-02 07:16:05 [4,632ms] [Warning] [omni.isaac.motion_generation.motion_policy_controller] omni.isaac.motion_generation has been deprecated in favor of isaacsim.robot_motion.motion_generation. Please update your code accordingly.
2026-07-02 07:16:05 [4,632ms] [Warning] [omni.isaac.motion_generation.motion_policy_interface] omni.isaac.motion_generation has been deprecated in favor of isaacsim.robot_motion.motion_generation. Please update your code accordingly.
2026-07-02 07:16:05 [4,632ms] [Warning] [omni.isaac.motion_generation.path_planner_visualizer] omni.isaac.motion_generation has been deprecated in favor of isaacsim.robot_motion.motion_generation. Please update your code accordingly.
2026-07-02 07:16:05 [4,632ms] [Warning] [omni.isaac.motion_generation.path_planning_interface] omni.isaac.motion_generation has been deprecated in favor of isaacsim.robot_motion.motion_generation. Please update your code accordingly.
2026-07-02 07:16:05 [4,632ms] [Warning] [omni.isaac.motion_generation.trajectory] omni.isaac.motion_generation has been deprecated in favor of isaacsim.robot_motion.motion_generation. Please update your code accordingly.
2026-07-02 07:16:05 [4,632ms] [Warning] [omni.isaac.motion_generation.world_interface] omni.isaac.motion_generation has been deprecated in favor of isaacsim.robot_motion.motion_generation. Please update your code accordingly.
[4.641s] [ext: omni.sensors.nv.materials-1.4.0-coreapi] startup
[4.644s] [ext: omni.isaac.nucleus-1.0.3] startup
2026-07-02 07:16:05 [4,636ms] [Warning] [omni.isaac.nucleus] omni.isaac.nucleus has been deprecated in favor of isaacsim.storage.native. Please update your code accordingly.
2026-07-02 07:16:05 [4,636ms] [Warning] [omni.isaac.nucleus.nucleus] omni.isaac.nucleus.nucleus has been deprecated in favor of isaacsim.storage.native. Please update your code accordingly.
[4.645s] [ext: omni.isaac.quadruped-3.0.2] startup
2026-07-02 07:16:05 [4,637ms] [Warning] [omni.isaac.quadruped] omni.isaac.quadruped has been deprecated in favor of isaacsim.robot.policy.examples. Please update your code accordingly.
[4.646s] [ext: omni.kit.manipulator.selector-1.1.1] startup
[4.649s] [ext: omni.sensors.nv.wpm-2.4.0-coreapi] startup
[4.650s] [ext: omni.sensors.nv.lidar-2.6.3-coreapi] startup
[4.657s] [ext: omni.sensors.nv.ids-1.4.0-coreapi] startup
[4.661s] [ext: isaacsim.robot.manipulators.examples-1.0.3] startup
[4.662s] [ext: isaacsim.util.debug_draw-2.0.2] startup
[4.666s] [ext: omni.sensors.tiled-0.0.6] startup
[4.669s] [ext: omni.sensors.nv.radar-2.6.1-coreapi] startup
[4.674s] [ext: omni.kit.widget.toolbar-1.7.3] startup
[4.681s] [ext: omni.kit.manipulator.transform-106.0.1] startup
[4.685s] [ext: isaacsim.sensors.physx-2.2.4] startup
[4.691s] [ext: isaacsim.sensors.rtx-13.6.3] startup
[4.698s] [ext: isaacsim.sensors.camera-0.2.9] startup
[4.708s] [ext: isaacsim.cortex.framework-1.0.2] startup
[4.710s] [ext: omni.kit.manipulator.tool.snap-1.5.12] startup
[4.727s] [ext: omni.isaac.range_sensor-4.0.2] startup
[4.729s] [ext: omni.isaac.surface_gripper-2.0.2] startup
2026-07-02 07:16:05 [4,722ms] [Warning] [omni.isaac.surface_gripper] omni.isaac.surface_gripper has been deprecated in favor of isaacsim.robot.surface_gripper. Please update your code accordingly.
[4.731s] [ext: omni.isaac.sensor-13.0.3] startup
2026-07-02 07:16:05 [4,723ms] [Warning] [omni.isaac.sensor] omni.isaac.sensor has been deprecated in favor of isaacsim.sensors.camera, isaacsim.sensors.physics, isaacsim.sensors.physx, and isaacsim.sensors.rtx. Please update your code accordingly.
2026-07-02 07:16:05 [4,724ms] [Warning] [omni.isaac.sensor.camera] omni.isaac.sensor.camera has been deprecated in favor of isaacsim.sensors.camera.camera. Please update your code accordingly.
2026-07-02 07:16:05 [4,724ms] [Warning] [omni.isaac.sensor.camera_view] omni.isaac.sensor.camera_view has been deprecated in favor of isaacsim.sensors.camera.camera_view. Please update your code accordingly.
2026-07-02 07:16:05 [4,724ms] [Warning] [omni.isaac.sensor.commands] omni.isaac.sensor.commands has been deprecated in favor of isaacsim.sensors.physics.commands, isaacsim.sensors.physx.commands, and isaacsim.sensors.rtx.commands. Please update your code accordingly.
2026-07-02 07:16:05 [4,724ms] [Warning] [omni.isaac.sensor.contact_sensor] omni.isaac.sensor.contact_sensor has been deprecated in favor of isaacsim.sensors.physics.contact_sensor. Please update your code accordingly.
2026-07-02 07:16:05 [4,724ms] [Warning] [omni.isaac.sensor.imu_sensor] omni.isaac.sensor.imu_sensor has been deprecated in favor of isaacsim.sensors.physics.imu_sensor. Please update your code accordingly.
2026-07-02 07:16:05 [4,724ms] [Warning] [omni.isaac.sensor.lidar_rtx] omni.isaac.sensor.lidar_rtx has been deprecated in favor of isaacsim.sensors.rtx.lidar_rtx. Please update your code accordingly.
2026-07-02 07:16:05 [4,724ms] [Warning] [omni.isaac.sensor.rotating_lidar_physX] omni.isaac.sensor.imu_sensor has been deprecated in favor of isaacsim.sensors.physix.rotating_lidar_physX. Please update your code accordingly.
2026-07-02 07:16:05 [4,725ms] [Warning] [omni.isaac.sensor.scripts.samples.contact_sensor] omni.isaac.sensor.scripts.samples.contact_sensor has been deprecated in favor of isaacsim.sensors.physics.scripts.samples.contact_sensor. Please update your code accordingly.
2026-07-02 07:16:05 [4,725ms] [Warning] [omni.isaac.sensor.scripts.samples.imu_sensor] omni.isaac.sensor.scripts.samples.imu_sensor has been deprecated in favor of isaacsim.sensors.physics.scripts.samples.imu_sensor. Please update your code accordingly.
2026-07-02 07:16:05 [4,725ms] [Warning] [omni.isaac.sensor.scripts.samples.lightbeam_sensor] omni.isaac.sensor.scripts.samples.lightbeam_sensor has been deprecated in favor of isaacsim.sensors.physx.scripts.samples.lightbeam_sensor. Please update your code accordingly.
[4.734s] [ext: omni.isaac.cortex-1.0.2] startup
2026-07-02 07:16:05 [4,727ms] [Warning] [omni.isaac.cortex] omni.isaac.cortex has been deprecated in favor of isaacsim.cortex.framework. Please update your code accordingly.
[4.736s] [ext: omni.kit.viewport.manipulator.transform-107.0.4] startup
[4.747s] [ext: omni.debugdraw-0.1.3] startup
[4.751s] [ext: omni.isaac.universal_robots-1.0.2] startup
2026-07-02 07:16:05 [4,743ms] [Warning] [omni.isaac.universal_robots] omni.isaac.universal_robots has been deprecated in favor of isaacsim.robot.manipulators.examples.universal_robots. Please update your code accordingly.
2026-07-02 07:16:05 [4,743ms] [Warning] [omni.isaac.universal_robots.kinematics_solver] omni.isaac.franka has been deprecated in favor of isaacsim.robot.manipulators.examples.universal_robots. Please update your code accordingly.
2026-07-02 07:16:05 [4,743ms] [Warning] [omni.isaac.universal_robots.ur10] omni.isaac.franka has been deprecated in favor of isaacsim.robot.manipulators.examples.universal_robots. Please update your code accordingly.
[4.752s] [ext: omni.isaac.utils-2.0.2] startup
[4.754s] [ext: omni.kit.manipulator.prim.core-107.0.7] startup
[4.761s] [ext: omni.fabric.commands-1.1.5] startup
[4.764s] [ext: omni.kit.manipulator.selection-106.0.1] startup
[4.766s] [ext: omni.kit.viewport.actions-107.0.0] startup
[4.771s] [ext: omni.kit.manipulator.prim.usd-107.0.3] startup
[4.773s] [ext: omni.kit.manipulator.prim.fabric-107.0.4] startup
[4.774s] [ext: isaacsim.cortex.behaviors-2.0.3] startup
[4.776s] [ext: omni.kit.widget.layers-1.8.2] startup
[4.790s] [ext: omni.kit.viewport.menubar.display-107.0.3] startup
[4.793s] [ext: omni.kit.manipulator.prim-107.0.0] startup
[4.793s] [ext: omni.isaac.cortex.sample_behaviors-2.0.2] startup
2026-07-02 07:16:05 [4,785ms] [Warning] [omni.isaac.cortex.sample_behaviors] omni.isaac.cortex.sample_behaviors has been deprecated in favor of isaacsim.cortex.behaviors. Please update your code accordingly.
[4.794s] [ext: omni.graph.ui_nodes-1.40.1] startup
[4.800s] [ext: omni.usdphysics.ui-106.5.7] startup
[4.835s] [ext: omni.physx.commands-106.5.7] startup
[4.840s] [ext: omni.kit.property.camera-1.0.9] startup
[4.842s] [ext: omni.hydra.scene_api-0.1.2] startup
[4.847s] [ext: omni.kit.property.geometry-1.3.3] startup
[4.851s] [ext: omni.kit.property.light-1.0.11] startup
[4.853s] [ext: omni.physx.ui-106.5.7] startup
[4.883s] [ext: omni.kit.property.material-1.10.17] startup
[4.890s] [ext: omni.kit.property.render-1.1.3] startup
[4.892s] [ext: omni.kit.property.transform-1.5.10] startup
[4.895s] [ext: omni.kit.property.audio-1.0.16] startup
[4.897s] [ext: isaacsim.gui.property-1.0.4] startup
[4.899s] [ext: omni.physx.demos-106.5.7] startup
[4.917s] [ext: omni.kit.property.physx-106.5.7] startup
[4.957s] [ext: omni.isaac.lula-4.0.2] startup
2026-07-02 07:16:05 [4,951ms] [Warning] [omni.isaac.lula] omni.isaac.lula has been deprecated in favor of isaacsim.robot_motion.lula. Please update your code accordingly.
[4.960s] [ext: omni.kit.property.bundle-1.3.2] startup
[4.961s] [ext: omni.kit.property.isaac-1.0.2] startup
2026-07-02 07:16:05 [4,953ms] [Warning] [omni.kit.property.isaac] omni.kit.property.isaac has been deprecated in favor of isaacsim.gui.property. Please update your code accordingly.
2026-07-02 07:16:05 [4,953ms] [Warning] [omni.kit.property.isaac.widgets] omni.kit.property.isaac.widgets has been deprecated in favor of isaacsim.gui.property.widgets. Please update your code accordingly.
[4.963s] [ext: omni.physx.vehicle-106.5.7] startup
[4.981s] [ext: omni.kit.viewport.menubar.camera-107.0.2] startup
[4.987s] [ext: omni.kit.viewport.menubar.lighting-106.0.2] startup
[4.990s] [ext: omni.kit.viewport.menubar.render-107.0.8] startup
[4.993s] [ext: omni.kit.viewport.menubar.settings-107.0.3] startup
[4.996s] [ext: omni.kit.window.console-0.2.14] startup
[5.006s] [ext: omni.physx.camera-106.5.7] startup
[5.017s] [ext: omni.kit.window.toolbar-1.6.2] startup
[5.022s] [ext: omni.isaac.version-2.0.2] startup
2026-07-02 07:16:05 [5,014ms] [Warning] [omni.isaac.version] omni.isaac.version has been deprecated in favor of isaacsim.core.version. Please update your code accordingly.
[5.023s] [ext: isaacsim.robot.wheeled_robots-4.0.3] startup
[5.028s] [ext: omni.physx.cct-106.5.7] startup
[5.046s] [ext: omni.physx.graph-106.5.7] startup
[5.082s] [ext: isaacsim.replicator.writers-1.0.1] startup
[5.111s] [ext: omni.physx.supportui-106.5.7] startup
[5.142s] [ext: omni.physx.telemetry-106.5.7] startup
[5.148s] [ext: omni.isaac.wheeled_robots-3.0.3] startup
2026-07-02 07:16:05 [5,140ms] [Warning] [omni.isaac.wheeled_robots] omni.isaac.wheeled_robots has been deprecated in favor of isaacsim.robot.wheeled_robots. Please update your code accordingly.
2026-07-02 07:16:05 [5,140ms] [Warning] [omni.isaac.wheeled_robots.controllers] omni.isaac.wheeled_robots has been deprecated in favor of isaacsim.robot.wheeled_robots. Please update your code accordingly.
2026-07-02 07:16:05 [5,140ms] [Warning] [omni.isaac.wheeled_robots.controllers.ackermann_controller] omni.isaac.wheeled_robots has been deprecated in favor of isaacsim.robot.wheeled_robots. Please update your code accordingly.
2026-07-02 07:16:05 [5,141ms] [Warning] [omni.isaac.wheeled_robots.controllers.differential_controller] omni.isaac.wheeled_robots has been deprecated in favor of isaacsim.robot.wheeled_robots. Please update your code accordingly.
2026-07-02 07:16:05 [5,141ms] [Warning] [omni.isaac.wheeled_robots.controllers.holonomic_controller] omni.isaac.wheeled_robots has been deprecated in favor of isaacsim.robot.wheeled_robots. Please update your code accordingly.
2026-07-02 07:16:05 [5,141ms] [Warning] [omni.isaac.wheeled_robots.controllers.quintic_path_planner] omni.isaac.wheeled_robots has been deprecated in favor of isaacsim.robot.wheeled_robots. Please update your code accordingly.
2026-07-02 07:16:05 [5,141ms] [Warning] [omni.isaac.wheeled_robots.controllers.stanley_control] omni.isaac.wheeled_robots has been deprecated in favor of isaacsim.robot.wheeled_robots. Please update your code accordingly.
2026-07-02 07:16:05 [5,141ms] [Warning] [omni.isaac.wheeled_robots.controllers.wheel_base_pose_controller] omni.isaac.wheeled_robots has been deprecated in favor of isaacsim.robot.wheeled_robots. Please update your code accordingly.
2026-07-02 07:16:05 [5,141ms] [Warning] [omni.isaac.wheeled_robots.impl] omni.isaac.wheeled_robots has been deprecated in favor of isaacsim.robot.wheeled_robots. Please update your code accordingly.
2026-07-02 07:16:05 [5,141ms] [Warning] [omni.isaac.wheeled_robots.robots] omni.isaac.wheeled_robots has been deprecated in favor of isaacsim.robot.wheeled_robots. Please update your code accordingly.
2026-07-02 07:16:05 [5,141ms] [Warning] [omni.isaac.wheeled_robots.robots.holonomic_robot_usd_setup] omni.isaac.wheeled_robots has been deprecated in favor of isaacsim.robot.wheeled_robots. Please update your code accordingly.
2026-07-02 07:16:05 [5,141ms] [Warning] [omni.isaac.wheeled_robots.robots.wheeled_robot] omni.isaac.wheeled_robots has been deprecated in favor of isaacsim.robot.wheeled_robots. Please update your code accordingly.
[5.150s] [ext: omni.isaac.franka-1.0.2] startup
2026-07-02 07:16:05 [5,143ms] [Warning] [omni.isaac.franka] omni.isaac.franka has been deprecated in favor of isaacsim.robot.manipulators.examples.franka. Please update your code accordingly.
2026-07-02 07:16:05 [5,143ms] [Warning] [omni.isaac.franka.franka] omni.isaac.franka has been deprecated in favor of isaacsim.robot.manipulators.examples.franka. Please update your code accordingly.
2026-07-02 07:16:05 [5,144ms] [Warning] [omni.isaac.franka.kinematics_solver] omni.isaac.franka has been deprecated in favor of isaacsim.robot.manipulators.examples.franka. Please update your code accordingly.
[5.153s] [ext: isaacsim.replicator.domain_randomization-1.0.2] startup
[5.157s] [ext: isaacsim.replicator.examples-1.1.2] startup
[5.159s] [ext: omni.kit.window.status_bar-0.1.7] startup
[5.170s] [ext: omni.rtx.window.settings-0.6.17] startup
[5.186s] [ext: omni.usd.metrics.assembler-106.5.0] startup
[5.194s] [ext: omni.physx.bundle-106.5.7] startup
[5.195s] [ext: isaacsim.app.about-2.0.7] startup
[5.196s] [ext: omni.replicator.isaac-2.0.3] startup
2026-07-02 07:16:05 [5,188ms] [Warning] [omni.replicator.isaac] omni.replicator.isaac has been deprecated in favor of isaacsim.replicator.domain_randomization, isaacsim.replicator.examples, isaacsim.replicator.writers. Please update your code accordingly.
[5.197s] [ext: omni.replicator.replicator_yaml-2.0.10] startup
[5.213s] [ext: omni.rtx.settings.core-0.6.3] startup
[5.219s] [ext: omni.usd.metrics.assembler.ui-106.5.0] startup
[5.229s] [ext: isaacsim.simulation_app-2.4.2] startup
[5.230s] [ext: omni.isaac.window.about-2.0.2] startup
2026-07-02 07:16:05 [5,222ms] [Warning] [omni.isaac.window.about] omni.isaac.window.about has been deprecated in favor of isaacsim.app.about. Please update your code accordingly.
2026-07-02 07:16:05 [5,222ms] [Warning] [omni.isaac.window.about.about] omni.isaac.window.about.about has been deprecated in favor of isaacsim.app.about.about. Please update your code accordingly.
[5.231s] [ext: semantics.schema.editor-0.3.10] startup
[5.234s] [ext: omni.kit.ui.actions-1.0.2] startup
[5.235s] [ext: semantics.schema.property-1.0.5] startup
[5.237s] [ext: omni.kit.manipulator.camera-106.0.3] startup
[5.241s] [ext: omni.isaac.kit-2.0.3] startup
2026-07-02 07:16:05 [5,233ms] [Warning] [omni.isaac.kit] omni.isaac.kit has been deprecated in favor of isaacsim.simulation_app. Please update your code accordingly.
[5.242s] [ext: omni.isaac.asset_browser-1.0.2] startup
2026-07-02 07:16:05 [5,233ms] [Warning] [omni.isaac.asset_browser] omni.isaac.asset_browser has been deprecated in favor of isaacsim.asset.browser. Please update your code accordingly.
[5.242s] [ext: isaacsim.core.throttling-2.0.2] startup
[5.244s] [ext: omni.kit.menu.common-1.1.9] startup
[5.246s] [ext: isaacsim.exp.base-4.5.0] startup
[5.247s] [ext: isaacsim.exp.base.python-4.5.0] startup
[5.248s] Simulation App Starting
2026-07-02 07:16:05 [5,301ms] [Warning] [carb.audio.device] audio device is misconfigured or broken {deviceIndex = 0, name = 'default'} (The device is likely misconfigured, check your $HOME/.asoundrc)
2026-07-02 07:16:05 [5,301ms] [Warning] [carb.audio.output] failed to retrieve the capabilities for device 0 {result = eDeviceLost (2)}
2026-07-02 07:16:05 [5,301ms] [Warning] [carb.audio.context] failed to set the requested output during context creation.  Using a null streamer instead {result = eDeviceLost (2)}
[5.366s] app ready
2026-07-02 07:16:05 [5,435ms] [Warning] [rtx.neuraylib.plugin] [IRAY:RENDER]   1.1   IRAY   rend warn : CUDA device 0 (NVIDIA GeForce RTX 4090): ECC is enabled, this will reduce rendering performance (it is strongly recommended to disable ECC with iray)
2026-07-02 07:16:05 [5,444ms] [Warning] [rtx.scenedb.plugin] SceneDbContext : TLAS limit buffer size 7508933632
2026-07-02 07:16:05 [5,444ms] [Warning] [rtx.scenedb.plugin] SceneDbContext : TLAS limit : valid false, within: false
2026-07-02 07:16:05 [5,444ms] [Warning] [rtx.scenedb.plugin] SceneDbContext : TLAS limit : decrement: 167690, decrement size: 7433845248
2026-07-02 07:16:05 [5,444ms] [Warning] [rtx.scenedb.plugin] SceneDbContext : New limit 9574251 (slope: 447, intercept: 13179904)
2026-07-02 07:16:05 [5,444ms] [Warning] [rtx.scenedb.plugin] SceneDbContext : TLAS limit buffer size 4287216384
2026-07-02 07:16:05 [5,444ms] [Warning] [rtx.scenedb.plugin] SceneDbContext : TLAS limit : valid true, within: true
2026-07-02 07:16:05 [5,574ms] [Warning] [omni.usd-abi.plugin] No setting was found for '/rtx-defaults-transient/meshlights/forceDisable'
2026-07-02 07:16:06 [5,617ms] [Warning] [omni.usd-abi.plugin] No setting was found for '/rtx-defaults/post/dlss/execMode'
[8.829s] Simulation App Startup Complete
2026-07-02 07:16:13 [13,130ms] [Warning] [rtx.postprocessing.plugin] DLSS increasing input dimensions: Render resolution of (256, 256) is below minimal input resolution of 300.
2026-07-02 07:16:13 [13,230ms] [Warning] [omni.syntheticdata.plugin] OgnSdPostRenderVarToHost : rendervar copy from texture directly to host buffer is counter-performant. Please use copy from texture to device buffer first.
2026-07-02 07:16:14 [13,883ms] [Warning] [carb.windowing-glfw.plugin] GLFW initialization failed.
2026-07-02 07:16:14 [13,883ms] [Warning] [carb] Failed to startup plugin carb.windowing-glfw.plugin (interfaces: [carb::windowing::IGLContext v1.0],[carb::windowing::IWindowing v1.5]) (impl: carb.windowing-glfw.plugin)
2026-07-02 07:16:14 [14,280ms] [Warning] [carb.windowing-glfw.plugin] GLFW initialization failed.
2026-07-02 07:16:14 [14,280ms] [Warning] [carb] Failed to startup plugin carb.windowing-glfw.plugin (interfaces: [carb::windowing::IGLContext v1.0],[carb::windowing::IWindowing v1.5]) (impl: carb.windowing-glfw.plugin)
2026-07-02 07:16:14 [14,539ms] [Warning] [carb.windowing-glfw.plugin] GLFW initialization failed.
2026-07-02 07:16:14 [14,539ms] [Warning] [carb] Failed to startup plugin carb.windowing-glfw.plugin (interfaces: [carb::windowing::IGLContext v1.0],[carb::windowing::IWindowing v1.5]) (impl: carb.windowing-glfw.plugin)
2026-07-02 07:16:15 [15,602ms] [Warning] [carb] Plugin interface for a client: omni.hydratexture.plugin was already released.
[15.715s] Simulation App Shutting Down
